#
# A fatal error has been detected by the Java Runtime Environment:
#
#  SIGBUS (0xa) at pc=0x00007fff70005929, pid=70520, tid=0x0000000000009407
#
# JRE version: Java(TM) SE Runtime Environment (8.0_241-b07) (build 1.8.0_241-b07)
# Java VM: Java HotSpot(TM) 64-Bit Server VM (25.241-b07 mixed mode bsd-amd64 compressed oops)
# Problematic frame:
# C  [libsystem_platform.dylib+0x929]  _platform_memmove$VARIANT$Haswell+0x29
#
# Failed to write core dump. Core dumps have been disabled. To enable core dumping, try "ulimit -c unlimited" before starting Java again
#
# If you would like to submit a bug report, please visit:
#   http://bugreport.java.com/bugreport/crash.jsp
# The crash happened outside the Java Virtual Machine in native code.
# See problematic frame for where to report the bug.
#

---------------  T H R E A D  ---------------

Current thread (0x00007fb36cfc9000):  JavaThread "http-nio-10070-exec-2" daemon [_thread_in_native, id=37895, stack(0x000070000cf23000,0x000070000d023000)]

siginfo: si_signo: 10 (SIGBUS), si_code: 2 (BUS_ADRERR), si_addr: 0x00000001085e1000

Registers:
RAX=0x00007fb35c65e000, RBX=0x00000001085db0b9, RCX=0x00000000000072ce, RDX=0x000000000000d1e7
RSP=0x000070000d01e240, RBP=0x000070000d01e240, RSI=0x00000001085e1000, RDI=0x00007fb35c663f19
R8 =0x0000000000000000, R9 =0x000000000000054f, R10=0x0000000000000008, R11=0x00007fb254082f19
R12=0x00000000ec3f9eb0, R13=0x0000000074798672, R14=0x00000000f8090d97, R15=0x00000000000041ee
RIP=0x00007fff70005929, EFLAGS=0x0000000000010206, ERR=0x0000000000000004
  TRAPNO=0x000000000000000e

Top of Stack: (sp=0x000070000d01e240)
0x000070000d01e240:   000070000d01e2b0 00000001085b6006
0x000070000d01e250:   000000ee00000002 0000000000000041
0x000070000d01e260:   0000000000005d6f 00007fb35c65e000
0x000070000d01e270:   000000000000d1e7 00007fb370005fc0
0x000070000d01e280:   00007fb375e54350 00007fb370005fc0
0x000070000d01e290:   00007fb370006100 0000000000000140
0x000070000d01e2a0:   0000000032face30 00007fb36d34c7e0
0x000070000d01e2b0:   000070000d01e310 00000001085b652d
0x000070000d01e2c0:   000070000d01e36a 000070000d01e369
0x000070000d01e2d0:   0000003a00000000 0000003b01fc9000
0x000070000d01e2e0:   000070000d01e32e 000070000d01e778
0x000070000d01e2f0:   000000000000003b 000070000d01e32e
0x000070000d01e300:   00007fb370005fc0 00007fb36cfc91f8
0x000070000d01e310:   000070000d01e760 00000001085b5238
0x000070000d01e320:   00007fb36cfc9000 6f63000100000001
0x000070000d01e330:   656d6177656e2f6d 6f6c662f61636972
0x000070000d01e340:   6f727070412f7377 7365757165526576
0x000070000d01e350:   6e4924776f6c4674 46726f7461697469
0x000070000d01e360:   73616c632e776f6c 000000010a000073
0x000070000d01e370:   0000000114a15878 00000001147293d8
0x000070000d01e380:   00007fb36cfc9000 00000001147293d8
0x000070000d01e390:   00007fb36d3ccff8 00000001147293d8
0x000070000d01e3a0:   000070000d01e410 00000001147293d8
0x000070000d01e3b0:   00000001180cfba0 000070000d01e4c0
0x000070000d01e3c0:   00000001147293d8 000070000d01e670
0x000070000d01e3d0:   00007fb36cfc9000 000070000d01e4c0
0x000070000d01e3e0:   00000001147293d8 000070000d01e670
0x000070000d01e3f0:   000070000d01e560 000000010a128edf
0x000070000d01e400:   00007fb36cfc9000 00007fb36d3cd038
0x000070000d01e410:   00007fb36cfc91f8 000070000d01e670
0x000070000d01e420:   00000007c0059eb0 000000078f569ba8
0x000070000d01e430:   00000006c01e4a68 00007fb36cfc9000 

Instructions: (pc=0x00007fff70005929)
0x00007fff70005909:   f3 48 89 f8 49 39 d3 72 1b 48 83 fa 60 76 2f 48
0x00007fff70005919:   81 fa 00 40 00 00 0f 82 cb 00 00 00 48 89 d1 fc
0x00007fff70005929:   f3 a4 5d c3 48 39 fe 74 f9 48 01 d6 48 01 d7 48
0x00007fff70005939:   83 fa 60 0f 82 8c 01 00 00 e9 a9 01 00 00 48 83 

Register to memory mapping:

RAX=0x00007fb35c65e000 is an unknown value
RBX=0x00000001085db0b9 is an unknown value
RCX=0x00000000000072ce is an unknown value
RDX=0x000000000000d1e7 is an unknown value
RSP=0x000070000d01e240 is pointing into the stack for thread: 0x00007fb36cfc9000
RBP=0x000070000d01e240 is pointing into the stack for thread: 0x00007fb36cfc9000
RSI=0x00000001085e1000 is an unknown value
RDI=0x00007fb35c663f19 is an unknown value
R8 =0x0000000000000000 is an unknown value
R9 =0x000000000000054f is an unknown value
R10=0x0000000000000008 is an unknown value
R11=0x00007fb254082f19 is an unknown value
R12=0x00000000ec3f9eb0 is an unknown value
R13=0x0000000074798672 is an unknown value
R14=0x00000000f8090d97 is an unknown value
R15=0x00000000000041ee is an unknown value


Stack: [0x000070000cf23000,0x000070000d023000],  sp=0x000070000d01e240,  free space=1004k
Native frames: (J=compiled Java code, j=interpreted, Vv=VM code, C=native code)
C  [libsystem_platform.dylib+0x929]  _platform_memmove$VARIANT$Haswell+0x29
C  [libzip.dylib+0x3006]  newEntry+0x2c8
C  [libzip.dylib+0x352d]  ZIP_GetEntry2+0xd4
C  [libzip.dylib+0x2238]  Java_java_util_zip_ZipFile_getEntry+0xcf
J 131  java.util.zip.ZipFile.getEntry(J[BZ)J (0 bytes) @ 0x00000001181d5ece [0x00000001181d5e00+0xce]
J 2709 C2 java.util.zip.ZipFile.getEntry(Ljava/lang/String;)Ljava/util/zip/ZipEntry; (101 bytes) @ 0x00000001189c91bc [0x00000001189c8e40+0x37c]
J 734 C2 sun.misc.URLClassPath$JarLoader.getResource(Ljava/lang/String;Z)Lsun/misc/Resource; (85 bytes) @ 0x000000011838c42c [0x000000011838c3a0+0x8c]
J 488 C2 sun.misc.URLClassPath.getResource(Ljava/lang/String;Z)Lsun/misc/Resource; (83 bytes) @ 0x0000000118303a64 [0x00000001183036c0+0x3a4]
J 5214 C2 java.net.URLClassLoader$1.run()Ljava/lang/Object; (5 bytes) @ 0x00000001191c31fc [0x00000001191c2c80+0x57c]
v  ~StubRoutines::call_stub
V  [libjvm.dylib+0x2f1b06]
V  [libjvm.dylib+0x3523f6]
J 145  java.security.AccessController.doPrivileged(Ljava/security/PrivilegedExceptionAction;Ljava/security/AccessControlContext;)Ljava/lang/Object; (0 bytes) @ 0x00000001181deb55 [0x00000001181dea80+0xd5]
J 4957 C2 java.net.URLClassLoader.findClass(Ljava/lang/String;)Ljava/lang/Class; (47 bytes) @ 0x0000000118ed687c [0x0000000118ed67e0+0x9c]
J 5831 C2 java.lang.ClassLoader.loadClass(Ljava/lang/String;Z)Ljava/lang/Class; (122 bytes) @ 0x00000001193262b0 [0x0000000119325700+0xbb0]
J 2964 C2 java.lang.ClassLoader.loadClass(Ljava/lang/String;)Ljava/lang/Class; (7 bytes) @ 0x0000000118af4614 [0x0000000118af4400+0x214]
v  ~StubRoutines::call_stub
V  [libjvm.dylib+0x2f1b06]
V  [libjvm.dylib+0x2f22aa]
V  [libjvm.dylib+0x2f2402]
V  [libjvm.dylib+0x54794c]
V  [libjvm.dylib+0x5470f6]
V  [libjvm.dylib+0x547b68]
V  [libjvm.dylib+0x54821b]
V  [libjvm.dylib+0x1e51c0]
V  [libjvm.dylib+0x456cea]
V  [libjvm.dylib+0x2ed5ce]
j  com.newamerica.webserver.RequestsController.approveRequest(Ljava/lang/String;Ljava/lang/String;Ljava/lang/String;Ljava/lang/String;)Ljavax/ws/rs/core/Response;+27
v  ~StubRoutines::call_stub
V  [libjvm.dylib+0x2f1b06]
V  [libjvm.dylib+0x4d9020]
V  [libjvm.dylib+0x4d9554]
V  [libjvm.dylib+0x34a054]
J 2323  sun.reflect.NativeMethodAccessorImpl.invoke0(Ljava/lang/reflect/Method;Ljava/lang/Object;[Ljava/lang/Object;)Ljava/lang/Object; (0 bytes) @ 0x00000001187bdb2d [0x00000001187bda40+0xed]
J 2322 C1 sun.reflect.NativeMethodAccessorImpl.invoke(Ljava/lang/Object;[Ljava/lang/Object;)Ljava/lang/Object; (104 bytes) @ 0x00000001187bf0d4 [0x00000001187bdf00+0x11d4]
J 4139 C2 sun.reflect.DelegatingMethodAccessorImpl.invoke(Ljava/lang/Object;[Ljava/lang/Object;)Ljava/lang/Object; (10 bytes) @ 0x00000001184969e8 [0x00000001184969a0+0x48]
J 5082 C1 java.lang.reflect.Method.invoke(Ljava/lang/Object;[Ljava/lang/Object;)Ljava/lang/Object; (62 bytes) @ 0x0000000118f4871c [0x0000000118f48320+0x3fc]
j  org.springframework.web.method.support.InvocableHandlerMethod.doInvoke([Ljava/lang/Object;)Ljava/lang/Object;+16
j  org.springframework.web.method.support.InvocableHandlerMethod.invokeForRequest(Lorg/springframework/web/context/request/NativeWebRequest;Lorg/springframework/web/method/support/ModelAndViewContainer;[Ljava/lang/Object;)Ljava/lang/Object;+75
j  org.springframework.web.servlet.mvc.method.annotation.ServletInvocableHandlerMethod.invokeAndHandle(Lorg/springframework/web/context/request/ServletWebRequest;Lorg/springframework/web/method/support/ModelAndViewContainer;[Ljava/lang/Object;)V+4
j  org.springframework.web.servlet.mvc.method.annotation.RequestMappingHandlerAdapter.invokeHandlerMethod(Ljavax/servlet/http/HttpServletRequest;Ljavax/servlet/http/HttpServletResponse;Lorg/springframework/web/method/HandlerMethod;)Lorg/springframework/web/servlet/ModelAndView;+276
j  org.springframework.web.servlet.mvc.method.annotation.RequestMappingHandlerAdapter.handleInternal(Ljavax/servlet/http/HttpServletRequest;Ljavax/servlet/http/HttpServletResponse;Lorg/springframework/web/method/HandlerMethod;)Lorg/springframework/web/servlet/ModelAndView;+81
j  org.springframework.web.servlet.mvc.method.AbstractHandlerMethodAdapter.handle(Ljavax/servlet/http/HttpServletRequest;Ljavax/servlet/http/HttpServletResponse;Ljava/lang/Object;)Lorg/springframework/web/servlet/ModelAndView;+7
j  org.springframework.web.servlet.DispatcherServlet.doDispatch(Ljavax/servlet/http/HttpServletRequest;Ljavax/servlet/http/HttpServletResponse;)V+310
j  org.springframework.web.servlet.DispatcherServlet.doService(Ljavax/servlet/http/HttpServletRequest;Ljavax/servlet/http/HttpServletResponse;)V+308
j  org.springframework.web.servlet.FrameworkServlet.processRequest(Ljavax/servlet/http/HttpServletRequest;Ljavax/servlet/http/HttpServletResponse;)V+71
j  org.springframework.web.servlet.FrameworkServlet.doPut(Ljavax/servlet/http/HttpServletRequest;Ljavax/servlet/http/HttpServletResponse;)V+3
j  javax.servlet.http.HttpServlet.service(Ljavax/servlet/http/HttpServletRequest;Ljavax/servlet/http/HttpServletResponse;)V+167
j  org.springframework.web.servlet.FrameworkServlet.service(Ljavax/servlet/http/HttpServletRequest;Ljavax/servlet/http/HttpServletResponse;)V+33
j  javax.servlet.http.HttpServlet.service(Ljavax/servlet/ServletRequest;Ljavax/servlet/ServletResponse;)V+30
j  org.apache.catalina.core.ApplicationFilterChain.internalDoFilter(Ljavax/servlet/ServletRequest;Ljavax/servlet/ServletResponse;)V+304
j  org.apache.catalina.core.ApplicationFilterChain.doFilter(Ljavax/servlet/ServletRequest;Ljavax/servlet/ServletResponse;)V+101
j  org.apache.tomcat.websocket.server.WsFilter.doFilter(Ljavax/servlet/ServletRequest;Ljavax/servlet/ServletResponse;Ljavax/servlet/FilterChain;)V+21
j  org.apache.catalina.core.ApplicationFilterChain.internalDoFilter(Ljavax/servlet/ServletRequest;Ljavax/servlet/ServletResponse;)V+135
j  org.apache.catalina.core.ApplicationFilterChain.doFilter(Ljavax/servlet/ServletRequest;Ljavax/servlet/ServletResponse;)V+101
j  org.springframework.web.filter.RequestContextFilter.doFilterInternal(Ljavax/servlet/http/HttpServletRequest;Ljavax/servlet/http/HttpServletResponse;Ljavax/servlet/FilterChain;)V+21
j  org.springframework.web.filter.OncePerRequestFilter.doFilter(Ljavax/servlet/ServletRequest;Ljavax/servlet/ServletResponse;Ljavax/servlet/FilterChain;)V+111
j  org.apache.catalina.core.ApplicationFilterChain.internalDoFilter(Ljavax/servlet/ServletRequest;Ljavax/servlet/ServletResponse;)V+135
j  org.apache.catalina.core.ApplicationFilterChain.doFilter(Ljavax/servlet/ServletRequest;Ljavax/servlet/ServletResponse;)V+101
j  org.springframework.web.filter.HttpPutFormContentFilter.doFilterInternal(Ljavax/servlet/http/HttpServletRequest;Ljavax/servlet/http/HttpServletResponse;Ljavax/servlet/FilterChain;)V+95
j  org.springframework.web.filter.OncePerRequestFilter.doFilter(Ljavax/servlet/ServletRequest;Ljavax/servlet/ServletResponse;Ljavax/servlet/FilterChain;)V+111
j  org.apache.catalina.core.ApplicationFilterChain.internalDoFilter(Ljavax/servlet/ServletRequest;Ljavax/servlet/ServletResponse;)V+135
j  org.apache.catalina.core.ApplicationFilterChain.doFilter(Ljavax/servlet/ServletRequest;Ljavax/servlet/ServletResponse;)V+101
j  org.springframework.web.filter.HiddenHttpMethodFilter.doFilterInternal(Ljavax/servlet/http/HttpServletRequest;Ljavax/servlet/http/HttpServletResponse;Ljavax/servlet/FilterChain;)V+64
j  org.springframework.web.filter.OncePerRequestFilter.doFilter(Ljavax/servlet/ServletRequest;Ljavax/servlet/ServletResponse;Ljavax/servlet/FilterChain;)V+111
j  org.apache.catalina.core.ApplicationFilterChain.internalDoFilter(Ljavax/servlet/ServletRequest;Ljavax/servlet/ServletResponse;)V+135
j  org.apache.catalina.core.ApplicationFilterChain.doFilter(Ljavax/servlet/ServletRequest;Ljavax/servlet/ServletResponse;)V+101
j  org.springframework.web.filter.CharacterEncodingFilter.doFilterInternal(Ljavax/servlet/http/HttpServletRequest;Ljavax/servlet/http/HttpServletResponse;Ljavax/servlet/FilterChain;)V+53
j  org.springframework.web.filter.OncePerRequestFilter.doFilter(Ljavax/servlet/ServletRequest;Ljavax/servlet/ServletResponse;Ljavax/servlet/FilterChain;)V+111
j  org.apache.catalina.core.ApplicationFilterChain.internalDoFilter(Ljavax/servlet/ServletRequest;Ljavax/servlet/ServletResponse;)V+135
j  org.apache.catalina.core.ApplicationFilterChain.doFilter(Ljavax/servlet/ServletRequest;Ljavax/servlet/ServletResponse;)V+101
j  org.apache.catalina.core.StandardWrapperValve.invoke(Lorg/apache/catalina/connector/Request;Lorg/apache/catalina/connector/Response;)V+688
j  org.apache.catalina.core.StandardContextValve.invoke(Lorg/apache/catalina/connector/Request;Lorg/apache/catalina/connector/Response;)V+166
j  org.apache.catalina.authenticator.AuthenticatorBase.invoke(Lorg/apache/catalina/connector/Request;Lorg/apache/catalina/connector/Response;)V+254
j  org.apache.catalina.core.StandardHostValve.invoke(Lorg/apache/catalina/connector/Request;Lorg/apache/catalina/connector/Response;)V+138
j  org.apache.catalina.valves.ErrorReportValve.invoke(Lorg/apache/catalina/connector/Request;Lorg/apache/catalina/connector/Response;)V+6
j  org.apache.catalina.core.StandardEngineValve.invoke(Lorg/apache/catalina/connector/Request;Lorg/apache/catalina/connector/Response;)V+71
j  org.apache.catalina.connector.CoyoteAdapter.service(Lorg/apache/coyote/Request;Lorg/apache/coyote/Response;)V+199
j  org.apache.coyote.http11.Http11Processor.service(Lorg/apache/tomcat/util/net/SocketWrapperBase;)Lorg/apache/tomcat/util/net/AbstractEndpoint$Handler$SocketState;+806
j  org.apache.coyote.AbstractProcessorLight.process(Lorg/apache/tomcat/util/net/SocketWrapperBase;Lorg/apache/tomcat/util/net/SocketEvent;)Lorg/apache/tomcat/util/net/AbstractEndpoint$Handler$SocketState;+113
j  org.apache.coyote.AbstractProtocol$ConnectionHandler.process(Lorg/apache/tomcat/util/net/SocketWrapperBase;Lorg/apache/tomcat/util/net/SocketEvent;)Lorg/apache/tomcat/util/net/AbstractEndpoint$Handler$SocketState;+378
j  org.apache.tomcat.util.net.NioEndpoint$SocketProcessor.doRun()V+191
j  org.apache.tomcat.util.net.SocketProcessorBase.run()V+21
j  java.util.concurrent.ThreadPoolExecutor.runWorker(Ljava/util/concurrent/ThreadPoolExecutor$Worker;)V+95
j  java.util.concurrent.ThreadPoolExecutor$Worker.run()V+5
j  org.apache.tomcat.util.threads.TaskThread$WrappingRunnable.run()V+4
j  java.lang.Thread.run()V+11
v  ~StubRoutines::call_stub
V  [libjvm.dylib+0x2f1b06]
V  [libjvm.dylib+0x2f22aa]
V  [libjvm.dylib+0x2f2456]
V  [libjvm.dylib+0x34cd45]
V  [libjvm.dylib+0x576b93]
V  [libjvm.dylib+0x57828e]
V  [libjvm.dylib+0x490b86]
C  [libsystem_pthread.dylib+0x6109]  _pthread_start+0x94
C  [libsystem_pthread.dylib+0x1b8b]  thread_start+0xf
C  0x0000000000000000

Java frames: (J=compiled Java code, j=interpreted, Vv=VM code)
J 131  java.util.zip.ZipFile.getEntry(J[BZ)J (0 bytes) @ 0x00000001181d5e58 [0x00000001181d5e00+0x58]
J 2709 C2 java.util.zip.ZipFile.getEntry(Ljava/lang/String;)Ljava/util/zip/ZipEntry; (101 bytes) @ 0x00000001189c91bc [0x00000001189c8e40+0x37c]
J 734 C2 sun.misc.URLClassPath$JarLoader.getResource(Ljava/lang/String;Z)Lsun/misc/Resource; (85 bytes) @ 0x000000011838c42c [0x000000011838c3a0+0x8c]
J 488 C2 sun.misc.URLClassPath.getResource(Ljava/lang/String;Z)Lsun/misc/Resource; (83 bytes) @ 0x0000000118303a64 [0x00000001183036c0+0x3a4]
J 5214 C2 java.net.URLClassLoader$1.run()Ljava/lang/Object; (5 bytes) @ 0x00000001191c31fc [0x00000001191c2c80+0x57c]
v  ~StubRoutines::call_stub
J 145  java.security.AccessController.doPrivileged(Ljava/security/PrivilegedExceptionAction;Ljava/security/AccessControlContext;)Ljava/lang/Object; (0 bytes) @ 0x00000001181deae3 [0x00000001181dea80+0x63]
J 4957 C2 java.net.URLClassLoader.findClass(Ljava/lang/String;)Ljava/lang/Class; (47 bytes) @ 0x0000000118ed687c [0x0000000118ed67e0+0x9c]
J 5831 C2 java.lang.ClassLoader.loadClass(Ljava/lang/String;Z)Ljava/lang/Class; (122 bytes) @ 0x00000001193262b0 [0x0000000119325700+0xbb0]
J 2964 C2 java.lang.ClassLoader.loadClass(Ljava/lang/String;)Ljava/lang/Class; (7 bytes) @ 0x0000000118af4614 [0x0000000118af4400+0x214]
v  ~StubRoutines::call_stub
j  com.newamerica.webserver.RequestsController.approveRequest(Ljava/lang/String;Ljava/lang/String;Ljava/lang/String;Ljava/lang/String;)Ljavax/ws/rs/core/Response;+27
v  ~StubRoutines::call_stub
J 2323  sun.reflect.NativeMethodAccessorImpl.invoke0(Ljava/lang/reflect/Method;Ljava/lang/Object;[Ljava/lang/Object;)Ljava/lang/Object; (0 bytes) @ 0x00000001187bdab7 [0x00000001187bda40+0x77]
J 2322 C1 sun.reflect.NativeMethodAccessorImpl.invoke(Ljava/lang/Object;[Ljava/lang/Object;)Ljava/lang/Object; (104 bytes) @ 0x00000001187bf0d4 [0x00000001187bdf00+0x11d4]
J 4139 C2 sun.reflect.DelegatingMethodAccessorImpl.invoke(Ljava/lang/Object;[Ljava/lang/Object;)Ljava/lang/Object; (10 bytes) @ 0x00000001184969e8 [0x00000001184969a0+0x48]
J 5082 C1 java.lang.reflect.Method.invoke(Ljava/lang/Object;[Ljava/lang/Object;)Ljava/lang/Object; (62 bytes) @ 0x0000000118f4871c [0x0000000118f48320+0x3fc]
j  org.springframework.web.method.support.InvocableHandlerMethod.doInvoke([Ljava/lang/Object;)Ljava/lang/Object;+16
j  org.springframework.web.method.support.InvocableHandlerMethod.invokeForRequest(Lorg/springframework/web/context/request/NativeWebRequest;Lorg/springframework/web/method/support/ModelAndViewContainer;[Ljava/lang/Object;)Ljava/lang/Object;+75
j  org.springframework.web.servlet.mvc.method.annotation.ServletInvocableHandlerMethod.invokeAndHandle(Lorg/springframework/web/context/request/ServletWebRequest;Lorg/springframework/web/method/support/ModelAndViewContainer;[Ljava/lang/Object;)V+4
j  org.springframework.web.servlet.mvc.method.annotation.RequestMappingHandlerAdapter.invokeHandlerMethod(Ljavax/servlet/http/HttpServletRequest;Ljavax/servlet/http/HttpServletResponse;Lorg/springframework/web/method/HandlerMethod;)Lorg/springframework/web/servlet/ModelAndView;+276
j  org.springframework.web.servlet.mvc.method.annotation.RequestMappingHandlerAdapter.handleInternal(Ljavax/servlet/http/HttpServletRequest;Ljavax/servlet/http/HttpServletResponse;Lorg/springframework/web/method/HandlerMethod;)Lorg/springframework/web/servlet/ModelAndView;+81
j  org.springframework.web.servlet.mvc.method.AbstractHandlerMethodAdapter.handle(Ljavax/servlet/http/HttpServletRequest;Ljavax/servlet/http/HttpServletResponse;Ljava/lang/Object;)Lorg/springframework/web/servlet/ModelAndView;+7
j  org.springframework.web.servlet.DispatcherServlet.doDispatch(Ljavax/servlet/http/HttpServletRequest;Ljavax/servlet/http/HttpServletResponse;)V+310
j  org.springframework.web.servlet.DispatcherServlet.doService(Ljavax/servlet/http/HttpServletRequest;Ljavax/servlet/http/HttpServletResponse;)V+308
j  org.springframework.web.servlet.FrameworkServlet.processRequest(Ljavax/servlet/http/HttpServletRequest;Ljavax/servlet/http/HttpServletResponse;)V+71
j  org.springframework.web.servlet.FrameworkServlet.doPut(Ljavax/servlet/http/HttpServletRequest;Ljavax/servlet/http/HttpServletResponse;)V+3
j  javax.servlet.http.HttpServlet.service(Ljavax/servlet/http/HttpServletRequest;Ljavax/servlet/http/HttpServletResponse;)V+167
j  org.springframework.web.servlet.FrameworkServlet.service(Ljavax/servlet/http/HttpServletRequest;Ljavax/servlet/http/HttpServletResponse;)V+33
j  javax.servlet.http.HttpServlet.service(Ljavax/servlet/ServletRequest;Ljavax/servlet/ServletResponse;)V+30
j  org.apache.catalina.core.ApplicationFilterChain.internalDoFilter(Ljavax/servlet/ServletRequest;Ljavax/servlet/ServletResponse;)V+304
j  org.apache.catalina.core.ApplicationFilterChain.doFilter(Ljavax/servlet/ServletRequest;Ljavax/servlet/ServletResponse;)V+101
j  org.apache.tomcat.websocket.server.WsFilter.doFilter(Ljavax/servlet/ServletRequest;Ljavax/servlet/ServletResponse;Ljavax/servlet/FilterChain;)V+21
j  org.apache.catalina.core.ApplicationFilterChain.internalDoFilter(Ljavax/servlet/ServletRequest;Ljavax/servlet/ServletResponse;)V+135
j  org.apache.catalina.core.ApplicationFilterChain.doFilter(Ljavax/servlet/ServletRequest;Ljavax/servlet/ServletResponse;)V+101
j  org.springframework.web.filter.RequestContextFilter.doFilterInternal(Ljavax/servlet/http/HttpServletRequest;Ljavax/servlet/http/HttpServletResponse;Ljavax/servlet/FilterChain;)V+21
j  org.springframework.web.filter.OncePerRequestFilter.doFilter(Ljavax/servlet/ServletRequest;Ljavax/servlet/ServletResponse;Ljavax/servlet/FilterChain;)V+111
j  org.apache.catalina.core.ApplicationFilterChain.internalDoFilter(Ljavax/servlet/ServletRequest;Ljavax/servlet/ServletResponse;)V+135
j  org.apache.catalina.core.ApplicationFilterChain.doFilter(Ljavax/servlet/ServletRequest;Ljavax/servlet/ServletResponse;)V+101
j  org.springframework.web.filter.HttpPutFormContentFilter.doFilterInternal(Ljavax/servlet/http/HttpServletRequest;Ljavax/servlet/http/HttpServletResponse;Ljavax/servlet/FilterChain;)V+95
j  org.springframework.web.filter.OncePerRequestFilter.doFilter(Ljavax/servlet/ServletRequest;Ljavax/servlet/ServletResponse;Ljavax/servlet/FilterChain;)V+111
j  org.apache.catalina.core.ApplicationFilterChain.internalDoFilter(Ljavax/servlet/ServletRequest;Ljavax/servlet/ServletResponse;)V+135
j  org.apache.catalina.core.ApplicationFilterChain.doFilter(Ljavax/servlet/ServletRequest;Ljavax/servlet/ServletResponse;)V+101
j  org.springframework.web.filter.HiddenHttpMethodFilter.doFilterInternal(Ljavax/servlet/http/HttpServletRequest;Ljavax/servlet/http/HttpServletResponse;Ljavax/servlet/FilterChain;)V+64
j  org.springframework.web.filter.OncePerRequestFilter.doFilter(Ljavax/servlet/ServletRequest;Ljavax/servlet/ServletResponse;Ljavax/servlet/FilterChain;)V+111
j  org.apache.catalina.core.ApplicationFilterChain.internalDoFilter(Ljavax/servlet/ServletRequest;Ljavax/servlet/ServletResponse;)V+135
j  org.apache.catalina.core.ApplicationFilterChain.doFilter(Ljavax/servlet/ServletRequest;Ljavax/servlet/ServletResponse;)V+101
j  org.springframework.web.filter.CharacterEncodingFilter.doFilterInternal(Ljavax/servlet/http/HttpServletRequest;Ljavax/servlet/http/HttpServletResponse;Ljavax/servlet/FilterChain;)V+53
j  org.springframework.web.filter.OncePerRequestFilter.doFilter(Ljavax/servlet/ServletRequest;Ljavax/servlet/ServletResponse;Ljavax/servlet/FilterChain;)V+111
j  org.apache.catalina.core.ApplicationFilterChain.internalDoFilter(Ljavax/servlet/ServletRequest;Ljavax/servlet/ServletResponse;)V+135
j  org.apache.catalina.core.ApplicationFilterChain.doFilter(Ljavax/servlet/ServletRequest;Ljavax/servlet/ServletResponse;)V+101
j  org.apache.catalina.core.StandardWrapperValve.invoke(Lorg/apache/catalina/connector/Request;Lorg/apache/catalina/connector/Response;)V+688
j  org.apache.catalina.core.StandardContextValve.invoke(Lorg/apache/catalina/connector/Request;Lorg/apache/catalina/connector/Response;)V+166
j  org.apache.catalina.authenticator.AuthenticatorBase.invoke(Lorg/apache/catalina/connector/Request;Lorg/apache/catalina/connector/Response;)V+254
j  org.apache.catalina.core.StandardHostValve.invoke(Lorg/apache/catalina/connector/Request;Lorg/apache/catalina/connector/Response;)V+138
j  org.apache.catalina.valves.ErrorReportValve.invoke(Lorg/apache/catalina/connector/Request;Lorg/apache/catalina/connector/Response;)V+6
j  org.apache.catalina.core.StandardEngineValve.invoke(Lorg/apache/catalina/connector/Request;Lorg/apache/catalina/connector/Response;)V+71
j  org.apache.catalina.connector.CoyoteAdapter.service(Lorg/apache/coyote/Request;Lorg/apache/coyote/Response;)V+199
j  org.apache.coyote.http11.Http11Processor.service(Lorg/apache/tomcat/util/net/SocketWrapperBase;)Lorg/apache/tomcat/util/net/AbstractEndpoint$Handler$SocketState;+806
j  org.apache.coyote.AbstractProcessorLight.process(Lorg/apache/tomcat/util/net/SocketWrapperBase;Lorg/apache/tomcat/util/net/SocketEvent;)Lorg/apache/tomcat/util/net/AbstractEndpoint$Handler$SocketState;+113
j  org.apache.coyote.AbstractProtocol$ConnectionHandler.process(Lorg/apache/tomcat/util/net/SocketWrapperBase;Lorg/apache/tomcat/util/net/SocketEvent;)Lorg/apache/tomcat/util/net/AbstractEndpoint$Handler$SocketState;+378
j  org.apache.tomcat.util.net.NioEndpoint$SocketProcessor.doRun()V+191
j  org.apache.tomcat.util.net.SocketProcessorBase.run()V+21
j  java.util.concurrent.ThreadPoolExecutor.runWorker(Ljava/util/concurrent/ThreadPoolExecutor$Worker;)V+95
j  java.util.concurrent.ThreadPoolExecutor$Worker.run()V+5
j  org.apache.tomcat.util.threads.TaskThread$WrappingRunnable.run()V+4
j  java.lang.Thread.run()V+11
v  ~StubRoutines::call_stub

---------------  P R O C E S S  ---------------

Java Threads: ( => current thread )
  0x00007fb35c836000 JavaThread "KQueueEventLoopGroup-125-1" [_thread_in_native, id=30239, stack(0x000070000c70b000,0x000070000c80b000)]
  0x00007fb35c892800 JavaThread "Thread-4 (ActiveMQ-client-factory-pinger-threads-1076039353)" daemon [_thread_blocked, id=38927, stack(0x000070000ca14000,0x000070000cb14000)]
  0x00007fb35c8fc000 JavaThread "Thread-3 (ActiveMQ-client-factory-pinger-threads-1076039353)" daemon [_thread_blocked, id=22535, stack(0x000070000c2ff000,0x000070000c3ff000)]
  0x00007fb36c97c800 JavaThread "Thread-2 (ActiveMQ-client-factory-pinger-threads-1076039353)" daemon [_thread_blocked, id=39951, stack(0x000070000c1fc000,0x000070000c2fc000)]
  0x00007fb36cfc9800 JavaThread "DestroyJavaVM" [_thread_blocked, id=3587, stack(0x000070000abb7000,0x000070000acb7000)]
  0x00007fb36e869800 JavaThread "http-nio-10070-AsyncTimeout" daemon [_thread_blocked, id=29443, stack(0x000070000db47000,0x000070000dc47000)]
  0x00007fb35c8f8800 JavaThread "http-nio-10070-Acceptor-0" daemon [_thread_in_native, id=37635, stack(0x000070000da44000,0x000070000db44000)]
  0x00007fb36e869000 JavaThread "http-nio-10070-ClientPoller-1" daemon [_thread_in_native, id=17419, stack(0x000070000d941000,0x000070000da41000)]
  0x00007fb36e866000 JavaThread "http-nio-10070-ClientPoller-0" daemon [_thread_in_native, id=38663, stack(0x000070000d83e000,0x000070000d93e000)]
  0x00007fb35c8f8000 JavaThread "http-nio-10070-exec-10" daemon [_thread_blocked, id=26887, stack(0x000070000d73b000,0x000070000d83b000)]
  0x00007fb35d86d800 JavaThread "http-nio-10070-exec-9" daemon [_thread_blocked, id=41223, stack(0x000070000d638000,0x000070000d738000)]
  0x00007fb35c8f7000 JavaThread "http-nio-10070-exec-8" daemon [_thread_blocked, id=39687, stack(0x000070000d535000,0x000070000d635000)]
  0x00007fb35d86d000 JavaThread "http-nio-10070-exec-7" daemon [_thread_blocked, id=24839, stack(0x000070000d432000,0x000070000d532000)]
  0x00007fb35c8f6800 JavaThread "http-nio-10070-exec-6" daemon [_thread_blocked, id=28423, stack(0x000070000d32f000,0x000070000d42f000)]
  0x00007fb35d86c000 JavaThread "http-nio-10070-exec-5" daemon [_thread_blocked, id=23559, stack(0x000070000d22c000,0x000070000d32c000)]
  0x00007fb35c89b000 JavaThread "http-nio-10070-exec-4" daemon [_thread_blocked, id=38407, stack(0x000070000d129000,0x000070000d229000)]
  0x00007fb35c89a800 JavaThread "http-nio-10070-exec-3" daemon [_thread_blocked, id=28167, stack(0x000070000d026000,0x000070000d126000)]
=>0x00007fb36cfc9000 JavaThread "http-nio-10070-exec-2" daemon [_thread_in_native, id=37895, stack(0x000070000cf23000,0x000070000d023000)]
  0x00007fb373feb800 JavaThread "http-nio-10070-exec-1" daemon [_thread_blocked, id=39431, stack(0x000070000ce20000,0x000070000cf20000)]
  0x00007fb36dffa800 JavaThread "NioBlockingSelector.BlockPoller-1" daemon [_thread_in_native, id=26631, stack(0x000070000cd1d000,0x000070000ce1d000)]
  0x00007fb36ddf6800 JavaThread "rpc-client-sender-0" daemon [_thread_blocked, id=41995, stack(0x000070000cc1a000,0x000070000cd1a000)]
  0x00007fb377841800 JavaThread "Thread-1 (ActiveMQ-client-factory-pinger-threads-1076039353)" daemon [_thread_blocked, id=27147, stack(0x000070000c911000,0x000070000ca11000)]
  0x00007fb36e4a0800 JavaThread "Thread-0 (ActiveMQ-client-factory-pinger-threads-1076039353)" daemon [_thread_blocked, id=23819, stack(0x000070000c80e000,0x000070000c90e000)]
  0x00007fb36e219000 JavaThread "rpc-client-reaper-0" daemon [_thread_blocked, id=24587, stack(0x000070000c608000,0x000070000c708000)]
  0x00007fb36c880000 JavaThread "container-0" [_thread_blocked, id=23043, stack(0x000070000c505000,0x000070000c605000)]
  0x00007fb36c856800 JavaThread "ContainerBackgroundProcessor[StandardEngine[Tomcat]]" daemon [_thread_blocked, id=42499, stack(0x000070000c402000,0x000070000c502000)]
  0x00007fb37400d800 JavaThread "Service Thread" daemon [_thread_blocked, id=21763, stack(0x000070000bff6000,0x000070000c0f6000)]
  0x00007fb36f81c800 JavaThread "C1 CompilerThread3" daemon [_thread_blocked, id=15363, stack(0x000070000bef3000,0x000070000bff3000)]
  0x00007fb37300e000 JavaThread "C2 CompilerThread2" daemon [_thread_blocked, id=15875, stack(0x000070000bdf0000,0x000070000bef0000)]
  0x00007fb36f814000 JavaThread "C2 CompilerThread1" daemon [_thread_blocked, id=16131, stack(0x000070000bced000,0x000070000bded000)]
  0x00007fb37300d000 JavaThread "C2 CompilerThread0" daemon [_thread_blocked, id=14339, stack(0x000070000bbea000,0x000070000bcea000)]
  0x00007fb375008800 JavaThread "Signal Dispatcher" daemon [_thread_blocked, id=16643, stack(0x000070000bae7000,0x000070000bbe7000)]
  0x00007fb37300a800 JavaThread "Finalizer" daemon [_thread_blocked, id=18691, stack(0x000070000b8de000,0x000070000b9de000)]
  0x00007fb36e821800 JavaThread "Reference Handler" daemon [_thread_blocked, id=19203, stack(0x000070000b7db000,0x000070000b8db000)]

Other Threads:
  0x00007fb36e81a800 VMThread [stack: 0x000070000b6d8000,0x000070000b7d8000] [id=19715]
  0x00007fb36f020000 WatcherThread [stack: 0x000070000c0f9000,0x000070000c1f9000] [id=43011]

VM state:not at safepoint (normal execution)

VM Mutex/Monitor currently owned by a thread: None

heap address: 0x00000006c0000000, size: 4096 MB, Compressed Oops mode: Zero based, Oop shift amount: 3
Narrow klass base: 0x0000000000000000, Narrow klass shift: 3
Compressed class space size: 1073741824 Address: 0x00000007c0000000

Heap:
 PSYoungGen      total 1100288K, used 601361K [0x000000076ab00000, 0x00000007b2100000, 0x00000007c0000000)
  eden space 1051648K, 57% used [0x000000076ab00000,0x000000078f644580,0x00000007aae00000)
  from space 48640K, 0% used [0x00000007af180000,0x00000007af180000,0x00000007b2100000)
  to   space 58880K, 0% used [0x00000007aae00000,0x00000007aae00000,0x00000007ae780000)
 ParOldGen       total 205824K, used 34812K [0x00000006c0000000, 0x00000006cc900000, 0x000000076ab00000)
  object space 205824K, 16% used [0x00000006c0000000,0x00000006c21ff198,0x00000006cc900000)
 Metaspace       used 61607K, capacity 63368K, committed 63488K, reserved 1103872K
  class space    used 7810K, capacity 8146K, committed 8192K, reserved 1048576K

Card table byte_map: [0x000000010b17e000,0x000000010b97f000] byte_map_base: 0x0000000107b7e000

Marking Bits: (ParMarkBitMap*) 0x000000010a701f80
 Begin Bits: [0x000000010bed5000, 0x000000010fed5000)
 End Bits:   [0x000000010fed5000, 0x0000000113ed5000)

Polling page: 0x0000000108569000

CodeCache: size=245760Kb used=21112Kb max_used=21123Kb free=224647Kb
 bounds [0x0000000118089000, 0x0000000119559000, 0x0000000127089000]
 total_blobs=6810 nmethods=6147 adapters=576
 compilation: enabled

Compilation events (10 events):
Event: 87147.393 Thread 0x00007fb36f81c800 nmethod 7511 0x0000000119533490 code [0x00000001195336e0, 0x00000001195348f8]
Event: 87147.395 Thread 0x00007fb36f814000 nmethod 7512 0x000000011952fe10 code [0x000000011952ff80, 0x0000000119530138]
Event: 87147.397 Thread 0x00007fb37300e000 7513       4       java.lang.ClassLoader::compareCerts (149 bytes)
Event: 87147.405 Thread 0x00007fb37300e000 nmethod 7513 0x000000011952f050 code [0x000000011952f1e0, 0x000000011952f938]
Event: 87147.451 Thread 0x00007fb36f81c800 7514       1       org.apache.catalina.webresources.StandardRoot::isCachingAllowed (5 bytes)
Event: 87147.451 Thread 0x00007fb36f81c800 nmethod 7514 0x00000001189959d0 code [0x0000000118995b20, 0x0000000118995c30]
Event: 87147.467 Thread 0x00007fb36f81c800 7515       1       org.springframework.core.convert.TypeDescriptor::getType (5 bytes)
Event: 87147.468 Thread 0x00007fb36f81c800 nmethod 7515 0x000000011952ed90 code [0x000000011952eee0, 0x000000011952eff0]
Event: 87147.468 Thread 0x00007fb36f81c800 7516       1       org.apache.tomcat.util.http.MimeHeaderField::getName (5 bytes)
Event: 87147.468 Thread 0x00007fb36f81c800 nmethod 7516 0x000000011952ead0 code [0x000000011952ec20, 0x000000011952ed30]

GC Heap History (10 events):
Event: 6.234 GC heap before
{Heap before GC invocations=13 (full 2):
 PSYoungGen      total 540672K, used 540019K [0x000000076ab00000, 0x0000000791300000, 0x00000007c0000000)
  eden space 506880K, 100% used [0x000000076ab00000,0x0000000789a00000,0x0000000789a00000)
  from space 33792K, 98% used [0x000000078bf80000,0x000000078dfdcde8,0x000000078e080000)
  to   space 38400K, 0% used [0x0000000789a00000,0x0000000789a00000,0x000000078bf80000)
 ParOldGen       total 147456K, used 48449K [0x00000006c0000000, 0x00000006c9000000, 0x000000076ab00000)
  object space 147456K, 32% used [0x00000006c0000000,0x00000006c2f50628,0x00000006c9000000)
 Metaspace       used 41739K, capacity 43030K, committed 43136K, reserved 1087488K
  class space    used 5207K, capacity 5471K, committed 5504K, reserved 1048576K
Event: 6.259 GC heap after
Heap after GC invocations=13 (full 2):
 PSYoungGen      total 545280K, used 38379K [0x000000076ab00000, 0x000000079db00000, 0x00000007c0000000)
  eden space 506880K, 0% used [0x000000076ab00000,0x000000076ab00000,0x0000000789a00000)
  from space 38400K, 99% used [0x0000000789a00000,0x000000078bf7aca8,0x000000078bf80000)
  to   space 49152K, 0% used [0x000000079ab00000,0x000000079ab00000,0x000000079db00000)
 ParOldGen       total 147456K, used 62905K [0x00000006c0000000, 0x00000006c9000000, 0x000000076ab00000)
  object space 147456K, 42% used [0x00000006c0000000,0x00000006c3d6e640,0x00000006c9000000)
 Metaspace       used 41739K, capacity 43030K, committed 43136K, reserved 1087488K
  class space    used 5207K, capacity 5471K, committed 5504K, reserved 1048576K
}
Event: 6.409 GC heap before
{Heap before GC invocations=14 (full 2):
 PSYoungGen      total 545280K, used 545259K [0x000000076ab00000, 0x000000079db00000, 0x00000007c0000000)
  eden space 506880K, 100% used [0x000000076ab00000,0x0000000789a00000,0x0000000789a00000)
  from space 38400K, 99% used [0x0000000789a00000,0x000000078bf7aca8,0x000000078bf80000)
  to   space 49152K, 0% used [0x000000079ab00000,0x000000079ab00000,0x000000079db00000)
 ParOldGen       total 147456K, used 63090K [0x00000006c0000000, 0x00000006c9000000, 0x000000076ab00000)
  object space 147456K, 42% used [0x00000006c0000000,0x00000006c3d9ca10,0x00000006c9000000)
 Metaspace       used 41743K, capacity 43030K, committed 43136K, reserved 1087488K
  class space    used 5207K, capacity 5471K, committed 5504K, reserved 1048576K
Event: 6.435 GC heap after
Heap after GC invocations=14 (full 2):
 PSYoungGen      total 783872K, used 35350K [0x000000076ab00000, 0x000000079e800000, 0x00000007c0000000)
  eden space 734720K, 0% used [0x000000076ab00000,0x000000076ab00000,0x0000000797880000)
  from space 49152K, 71% used [0x000000079ab00000,0x000000079cd85890,0x000000079db00000)
  to   space 51712K, 0% used [0x0000000797880000,0x0000000797880000,0x000000079ab00000)
 ParOldGen       total 147456K, used 87697K [0x00000006c0000000, 0x00000006c9000000, 0x000000076ab00000)
  object space 147456K, 59% used [0x00000006c0000000,0x00000006c55a45b8,0x00000006c9000000)
 Metaspace       used 41743K, capacity 43030K, committed 43136K, reserved 1087488K
  class space    used 5207K, capacity 5471K, committed 5504K, reserved 1048576K
}
Event: 8.347 GC heap before
{Heap before GC invocations=15 (full 2):
 PSYoungGen      total 783872K, used 770070K [0x000000076ab00000, 0x000000079e800000, 0x00000007c0000000)
  eden space 734720K, 100% used [0x000000076ab00000,0x0000000797880000,0x0000000797880000)
  from space 49152K, 71% used [0x000000079ab00000,0x000000079cd85890,0x000000079db00000)
  to   space 51712K, 0% used [0x0000000797880000,0x0000000797880000,0x000000079ab00000)
 ParOldGen       total 147456K, used 87706K [0x00000006c0000000, 0x00000006c9000000, 0x000000076ab00000)
  object space 147456K, 59% used [0x00000006c0000000,0x00000006c55a6880,0x00000006c9000000)
 Metaspace       used 55550K, capacity 57000K, committed 57344K, reserved 1099776K
  class space    used 7031K, capacity 7302K, committed 7424K, reserved 1048576K
Event: 8.380 GC heap after
Heap after GC invocations=15 (full 2):
 PSYoungGen      total 786432K, used 49371K [0x000000076ab00000, 0x00000007b2b00000, 0x00000007c0000000)
  eden space 734720K, 0% used [0x000000076ab00000,0x000000076ab00000,0x0000000797880000)
  from space 51712K, 95% used [0x0000000797880000,0x000000079a8b6ec0,0x000000079ab00000)
  to   space 58880K, 0% used [0x00000007af180000,0x00000007af180000,0x00000007b2b00000)
 ParOldGen       total 147456K, used 100030K [0x00000006c0000000, 0x00000006c9000000, 0x000000076ab00000)
  object space 147456K, 67% used [0x00000006c0000000,0x00000006c61afae8,0x00000006c9000000)
 Metaspace       used 55550K, capacity 57000K, committed 57344K, reserved 1099776K
  class space    used 7031K, capacity 7302K, committed 7424K, reserved 1048576K
}
Event: 8.756 GC heap before
{Heap before GC invocations=16 (full 2):
 PSYoungGen      total 786432K, used 175183K [0x000000076ab00000, 0x00000007b2b00000, 0x00000007c0000000)
  eden space 734720K, 17% used [0x000000076ab00000,0x00000007725dcea0,0x0000000797880000)
  from space 51712K, 95% used [0x0000000797880000,0x000000079a8b6ec0,0x000000079ab00000)
  to   space 58880K, 0% used [0x00000007af180000,0x00000007af180000,0x00000007b2b00000)
 ParOldGen       total 147456K, used 100030K [0x00000006c0000000, 0x00000006c9000000, 0x000000076ab00000)
  object space 147456K, 67% used [0x00000006c0000000,0x00000006c61afae8,0x00000006c9000000)
 Metaspace       used 57437K, capacity 59022K, committed 59136K, reserved 1101824K
  class space    used 7294K, capacity 7599K, committed 7680K, reserved 1048576K
Event: 8.775 GC heap after
Heap after GC invocations=16 (full 2):
 PSYoungGen      total 1100288K, used 5167K [0x000000076ab00000, 0x00000007b2100000, 0x00000007c0000000)
  eden space 1051648K, 0% used [0x000000076ab00000,0x000000076ab00000,0x00000007aae00000)
  from space 48640K, 10% used [0x00000007af180000,0x00000007af68bf70,0x00000007b2100000)
  to   space 58880K, 0% used [0x00000007aae00000,0x00000007aae00000,0x00000007ae780000)
 ParOldGen       total 147456K, used 137219K [0x00000006c0000000, 0x00000006c9000000, 0x000000076ab00000)
  object space 147456K, 93% used [0x00000006c0000000,0x00000006c8600f00,0x00000006c9000000)
 Metaspace       used 57437K, capacity 59022K, committed 59136K, reserved 1101824K
  class space    used 7294K, capacity 7599K, committed 7680K, reserved 1048576K
}
Event: 8.775 GC heap before
{Heap before GC invocations=17 (full 3):
 PSYoungGen      total 1100288K, used 5167K [0x000000076ab00000, 0x00000007b2100000, 0x00000007c0000000)
  eden space 1051648K, 0% used [0x000000076ab00000,0x000000076ab00000,0x00000007aae00000)
  from space 48640K, 10% used [0x00000007af180000,0x00000007af68bf70,0x00000007b2100000)
  to   space 58880K, 0% used [0x00000007aae00000,0x00000007aae00000,0x00000007ae780000)
 ParOldGen       total 147456K, used 137219K [0x00000006c0000000, 0x00000006c9000000, 0x000000076ab00000)
  object space 147456K, 93% used [0x00000006c0000000,0x00000006c8600f00,0x00000006c9000000)
 Metaspace       used 57437K, capacity 59022K, committed 59136K, reserved 1101824K
  class space    used 7294K, capacity 7599K, committed 7680K, reserved 1048576K
Event: 8.865 GC heap after
Heap after GC invocations=17 (full 3):
 PSYoungGen      total 1100288K, used 0K [0x000000076ab00000, 0x00000007b2100000, 0x00000007c0000000)
  eden space 1051648K, 0% used [0x000000076ab00000,0x000000076ab00000,0x00000007aae00000)
  from space 48640K, 0% used [0x00000007af180000,0x00000007af180000,0x00000007b2100000)
  to   space 58880K, 0% used [0x00000007aae00000,0x00000007aae00000,0x00000007ae780000)
 ParOldGen       total 205824K, used 34812K [0x00000006c0000000, 0x00000006cc900000, 0x000000076ab00000)
  object space 205824K, 16% used [0x00000006c0000000,0x00000006c21ff198,0x00000006cc900000)
 Metaspace       used 57437K, capacity 59022K, committed 59136K, reserved 1101824K
  class space    used 7294K, capacity 7599K, committed 7680K, reserved 1048576K
}

Deoptimization events (10 events):
Event: 87146.248 Thread 0x00007fb36e866000 Uncommon trap: reason=unstable_if action=reinterpret pc=0x0000000118c6a7cc method=org.apache.tomcat.util.net.NioEndpoint$Poller.timeout(IZ)V @ 18
Event: 87146.249 Thread 0x00007fb36e869000 Uncommon trap: reason=unstable_if action=reinterpret pc=0x00000001186dc420 method=java.util.LinkedList.poll()Ljava/lang/Object; @ 6
Event: 87146.529 Thread 0x00007fb36cfc9000 Uncommon trap: reason=unstable_if action=reinterpret pc=0x000000011835c02c method=sun.nio.ch.Util$BufferCache.get(I)Ljava/nio/ByteBuffer; @ 25
Event: 87146.529 Thread 0x00007fb373feb800 Uncommon trap: reason=unstable_if action=reinterpret pc=0x000000011835c02c method=sun.nio.ch.Util$BufferCache.get(I)Ljava/nio/ByteBuffer; @ 25
Event: 87146.533 Thread 0x00007fb373feb800 Uncommon trap: reason=unstable_if action=reinterpret pc=0x0000000118cf1c68 method=java.nio.channels.spi.AbstractInterruptibleChannel.end(Z)V @ 31
Event: 87146.540 Thread 0x00007fb373feb800 Uncommon trap: reason=class_check action=maybe_recompile pc=0x0000000119523b00 method=java.util.concurrent.ThreadPoolExecutor.getTask()Ljava/lang/Runnable; @ 149
Event: 87147.262 Thread 0x00007fb36e869000 Uncommon trap: reason=unstable_if action=reinterpret pc=0x000000011849af80 method=sun.nio.ch.SelectorImpl.processDeregisterQueue()V @ 15
Event: 87147.292 Thread 0x00007fb36cfc9000 Uncommon trap: reason=bimorphic action=maybe_recompile pc=0x0000000118ced390 method=java.util.AbstractList$Itr.next()Ljava/lang/Object; @ 14
Event: 87147.357 Thread 0x00007fb36cfc9000 Uncommon trap: reason=null_check action=make_not_entrant pc=0x000000011928ce68 method=org.springframework.core.annotation.AnnotatedElementUtils.searchWithFindSemantics(Ljava/lang/reflect/AnnotatedElement;Ljava/lang/Class;Ljava/lang/String;Ljava/lang/Class
Event: 87147.467 Thread 0x00007fb36cfc9000 Uncommon trap: reason=unstable_if action=reinterpret pc=0x0000000118afbc60 method=org.springframework.util.ConcurrentReferenceHashMap$Segment.findInChain(Lorg/springframework/util/ConcurrentReferenceHashMap$Reference;Ljava/lang/Object;I)Lorg/springframewo

Classes redefined (0 events):
No events

Internal exceptions (10 events):
Event: 87146.985 Thread 0x00007fb36cfc9000 Exception <a 'java/lang/ClassNotFoundException': org/springframework/web/servlet/theme/FixedThemeResolverCustomizer> (0x000000078ede0688) thrown at [/jenkins/workspace/8-2-build-macosx-x86_64/jdk8u241/331/hotspot/src/share/vm/classfile/systemDictionary.cp
Event: 87146.989 Thread 0x00007fb36cfc9000 Exception <a 'java/lang/ClassNotFoundException': org/springframework/web/servlet/ThemeResolverCustomizer> (0x000000078ee0e958) thrown at [/jenkins/workspace/8-2-build-macosx-x86_64/jdk8u241/331/hotspot/src/share/vm/classfile/systemDictionary.cpp, line 210
Event: 87147.081 Thread 0x00007fb36cfc9000 Exception <a 'java/lang/ClassNotFoundException': java/lang/ObjectCustomizer> (0x000000078ee452a0) thrown at [/jenkins/workspace/8-2-build-macosx-x86_64/jdk8u241/331/hotspot/src/share/vm/classfile/systemDictionary.cpp, line 210]
Event: 87147.083 Thread 0x00007fb36cfc9000 Exception <a 'java/lang/ClassNotFoundException': org/springframework/web/servlet/view/DefaultRequestToViewNameTranslatorCustomizer> (0x000000078ee80880) thrown at [/jenkins/workspace/8-2-build-macosx-x86_64/jdk8u241/331/hotspot/src/share/vm/classfile/syst
Event: 87147.085 Thread 0x00007fb36cfc9000 Exception <a 'java/lang/ClassNotFoundException': org/springframework/web/servlet/RequestToViewNameTranslatorCustomizer> (0x000000078eec4750) thrown at [/jenkins/workspace/8-2-build-macosx-x86_64/jdk8u241/331/hotspot/src/share/vm/classfile/systemDictionary
Event: 87147.117 Thread 0x00007fb36cfc9000 Exception <a 'java/lang/ClassNotFoundException': java/lang/ObjectCustomizer> (0x000000078ef3fcc8) thrown at [/jenkins/workspace/8-2-build-macosx-x86_64/jdk8u241/331/hotspot/src/share/vm/classfile/systemDictionary.cpp, line 210]
Event: 87147.122 Thread 0x00007fb36cfc9000 Exception <a 'java/lang/ClassNotFoundException': org/springframework/web/servlet/support/AbstractFlashMapManagerCustomizer> (0x000000078ef77148) thrown at [/jenkins/workspace/8-2-build-macosx-x86_64/jdk8u241/331/hotspot/src/share/vm/classfile/systemDictio
Event: 87147.127 Thread 0x00007fb36cfc9000 Exception <a 'java/lang/ClassNotFoundException': org/springframework/web/servlet/support/SessionFlashMapManagerCustomizer> (0x000000078efb24c8) thrown at [/jenkins/workspace/8-2-build-macosx-x86_64/jdk8u241/331/hotspot/src/share/vm/classfile/systemDiction
Event: 87147.134 Thread 0x00007fb36cfc9000 Exception <a 'java/lang/ClassNotFoundException': org/springframework/web/servlet/FlashMapManagerCustomizer> (0x000000078efe0c88) thrown at [/jenkins/workspace/8-2-build-macosx-x86_64/jdk8u241/331/hotspot/src/share/vm/classfile/systemDictionary.cpp, line 2
Event: 87147.356 Thread 0x00007fb36cfc9000 Implicit null exception at 0x000000011928433a to 0x000000011928ce0d

Events (10 events):
Event: 87147.451 loading class org/slf4j/ext/EventData done
Event: 87147.451 loading class org/slf4j/ext/EventData
Event: 87147.451 loading class org/slf4j/ext/EventData done
Event: 87147.452 loading class org/springframework/validation/DefaultBindingErrorProcessor
Event: 87147.452 loading class org/springframework/validation/DefaultBindingErrorProcessor done
Event: 87147.467 Thread 0x00007fb36cfc9000 Uncommon trap: trap_request=0xffffff65 fr.pc=0x0000000118afbc60
Event: 87147.467 Thread 0x00007fb36cfc9000 DEOPT PACKING pc=0x0000000118afbc60 sp=0x000070000d020920
Event: 87147.468 Thread 0x00007fb36cfc9000 DEOPT UNPACKING pc=0x00000001180ce73a sp=0x000070000d020728 mode 2
Event: 87147.472 loading class com/newamerica/flows/ApproveRequestFlow$InitiatorFlow
Event: 87147.472 loading class com/newamerica/flows/ApproveRequestFlow$InitiatorFlow done


Dynamic libraries:
0x00007fff34e7a000 	/System/Library/Frameworks/Cocoa.framework/Versions/A/Cocoa
0x00007fff42673000 	/System/Library/Frameworks/Security.framework/Versions/A/Security
0x00007fff33ddf000 	/System/Library/Frameworks/ApplicationServices.framework/Versions/A/ApplicationServices
0x00007fff6f330000 	/usr/lib/libz.1.dylib
0x00007fff6cdf4000 	/usr/lib/libSystem.B.dylib
0x00007fff6ec54000 	/usr/lib/libobjc.A.dylib
0x00007fff35d1c000 	/System/Library/Frameworks/CoreFoundation.framework/Versions/A/CoreFoundation
0x00007fff383d9000 	/System/Library/Frameworks/Foundation.framework/Versions/C/Foundation
0x00007fff32fcf000 	/System/Library/Frameworks/AppKit.framework/Versions/C/AppKit
0x00007fff357fe000 	/System/Library/Frameworks/CoreData.framework/Versions/A/CoreData
0x00007fff66e09000 	/System/Library/PrivateFrameworks/UIFoundation.framework/Versions/A/UIFoundation
0x00007fff61e9d000 	/System/Library/PrivateFrameworks/RemoteViewServices.framework/Versions/A/RemoteViewServices
0x00007fff69964000 	/System/Library/PrivateFrameworks/XCTTargetBootstrap.framework/Versions/A/XCTTargetBootstrap
0x00007fff35be9000 	/System/Library/Frameworks/CoreDisplay.framework/Versions/A/CoreDisplay
0x00007fff3b294000 	/System/Library/Frameworks/Metal.framework/Versions/A/Metal
0x00007fff4fe8a000 	/System/Library/PrivateFrameworks/DesktopServicesPriv.framework/Versions/A/DesktopServicesPriv
0x00007fff6df2f000 	/usr/lib/liblangid.dylib
0x00007fff4f11f000 	/System/Library/PrivateFrameworks/CoreSVG.framework/Versions/A/CoreSVG
0x00007fff64ff9000 	/System/Library/PrivateFrameworks/SkyLight.framework/Versions/A/SkyLight
0x00007fff3619d000 	/System/Library/Frameworks/CoreGraphics.framework/Versions/A/CoreGraphics
0x00007fff319a3000 	/System/Library/Frameworks/Accelerate.framework/Versions/A/Accelerate
0x00007fff6f221000 	/usr/lib/libxml2.2.dylib
0x00007fff5ae28000 	/System/Library/PrivateFrameworks/IconServices.framework/Versions/A/IconServices
0x00007fff38bb8000 	/System/Library/Frameworks/IOSurface.framework/Versions/A/IOSurface
0x00007fff6c91e000 	/usr/lib/libDiagnosticMessagesClient.dylib
0x00007fff4fce4000 	/System/Library/PrivateFrameworks/DFRFoundation.framework/Versions/A/DFRFoundation
0x00007fff6dcbe000 	/usr/lib/libicucore.A.dylib
0x00007fff34111000 	/System/Library/Frameworks/AudioToolbox.framework/Versions/A/AudioToolbox
0x00007fff341f4000 	/System/Library/Frameworks/AudioUnit.framework/Versions/A/AudioUnit
0x00007fff6cff6000 	/usr/lib/libauto.dylib
0x00007fff4fd86000 	/System/Library/PrivateFrameworks/DataDetectorsCore.framework/Versions/A/DataDetectorsCore
0x00007fff3499b000 	/System/Library/Frameworks/Carbon.framework/Versions/A/Frameworks/HIToolbox.framework/Versions/A/HIToolbox
0x00007fff4186d000 	/System/Library/Frameworks/QuartzCore.framework/Versions/A/QuartzCore
0x00007fff34cda000 	/System/Library/Frameworks/Carbon.framework/Versions/A/Frameworks/SpeechRecognition.framework/Versions/A/SpeechRecognition
0x00007fff4f7f8000 	/System/Library/PrivateFrameworks/CoreUI.framework/Versions/A/CoreUI
0x00007fff35269000 	/System/Library/Frameworks/CoreAudio.framework/Versions/A/CoreAudio
0x00007fff38098000 	/System/Library/Frameworks/DiskArbitration.framework/Versions/A/DiskArbitration
0x00007fff5ce78000 	/System/Library/PrivateFrameworks/MultitouchSupport.framework/Versions/A/MultitouchSupport
0x00007fff6db85000 	/usr/lib/libenergytrace.dylib
0x00007fff38b12000 	/System/Library/Frameworks/IOKit.framework/Versions/A/IOKit
0x00007fff37104000 	/System/Library/Frameworks/CoreServices.framework/Versions/A/CoreServices
0x00007fff5f030000 	/System/Library/PrivateFrameworks/PerformanceAnalysis.framework/Versions/A/PerformanceAnalysis
0x00007fff408a0000 	/System/Library/Frameworks/OpenGL.framework/Versions/A/OpenGL
0x00007fff34e88000 	/System/Library/Frameworks/ColorSync.framework/Versions/A/ColorSync
0x00007fff36820000 	/System/Library/Frameworks/CoreImage.framework/Versions/A/CoreImage
0x00007fff37b77000 	/System/Library/Frameworks/CoreText.framework/Versions/A/CoreText
0x00007fff38c48000 	/System/Library/Frameworks/ImageIO.framework/Versions/A/ImageIO
0x00007fff6d0da000 	/usr/lib/libc++.1.dylib
0x00007fff6d156000 	/usr/lib/libcompression.dylib
0x00007fff6cc62000 	/usr/lib/libMobileGestalt.dylib
0x00007fff66b73000 	/System/Library/PrivateFrameworks/TextureIO.framework/Versions/A/TextureIO
0x00007fff6cf59000 	/usr/lib/libate.dylib
0x00007fff5b031000 	/System/Library/PrivateFrameworks/InternationalSupport.framework/Versions/A/InternationalSupport
0x00007fff6fbf1000 	/usr/lib/system/libcache.dylib
0x00007fff6fbf7000 	/usr/lib/system/libcommonCrypto.dylib
0x00007fff6fc03000 	/usr/lib/system/libcompiler_rt.dylib
0x00007fff6fc0b000 	/usr/lib/system/libcopyfile.dylib
0x00007fff6fc15000 	/usr/lib/system/libcorecrypto.dylib
0x00007fff6fdb4000 	/usr/lib/system/libdispatch.dylib
0x00007fff6fdf5000 	/usr/lib/system/libdyld.dylib
0x00007fff6fe2c000 	/usr/lib/system/libkeymgr.dylib
0x00007fff6fe3a000 	/usr/lib/system/liblaunch.dylib
0x00007fff6fe3b000 	/usr/lib/system/libmacho.dylib
0x00007fff6fe41000 	/usr/lib/system/libquarantine.dylib
0x00007fff6fe44000 	/usr/lib/system/libremovefile.dylib
0x00007fff6fe46000 	/usr/lib/system/libsystem_asl.dylib
0x00007fff6fe5e000 	/usr/lib/system/libsystem_blocks.dylib
0x00007fff6fe5f000 	/usr/lib/system/libsystem_c.dylib
0x00007fff6fee7000 	/usr/lib/system/libsystem_configuration.dylib
0x00007fff6feeb000 	/usr/lib/system/libsystem_coreservices.dylib
0x00007fff6feef000 	/usr/lib/system/libsystem_darwin.dylib
0x00007fff6fef8000 	/usr/lib/system/libsystem_dnssd.dylib
0x00007fff6ff00000 	/usr/lib/system/libsystem_featureflags.dylib
0x00007fff6ff02000 	/usr/lib/system/libsystem_info.dylib
0x00007fff6ff7d000 	/usr/lib/system/libsystem_m.dylib
0x00007fff6ffc5000 	/usr/lib/system/libsystem_malloc.dylib
0x00007fff6ffed000 	/usr/lib/system/libsystem_networkextension.dylib
0x00007fff6fffb000 	/usr/lib/system/libsystem_notify.dylib
0x00007fff70019000 	/usr/lib/system/libsystem_sandbox.dylib
0x00007fff7001e000 	/usr/lib/system/libsystem_secinit.dylib
0x00007fff6ff50000 	/usr/lib/system/libsystem_kernel.dylib
0x00007fff70005000 	/usr/lib/system/libsystem_platform.dylib
0x00007fff7000e000 	/usr/lib/system/libsystem_pthread.dylib
0x00007fff70021000 	/usr/lib/system/libsystem_symptoms.dylib
0x00007fff70029000 	/usr/lib/system/libsystem_trace.dylib
0x00007fff70041000 	/usr/lib/system/libunwind.dylib
0x00007fff70047000 	/usr/lib/system/libxpc.dylib
0x00007fff6d12d000 	/usr/lib/libc++abi.dylib
0x00007fff6df31000 	/usr/lib/liblzma.5.dylib
0x00007fff6dbac000 	/usr/lib/libfakelink.dylib
0x00007fff6cee6000 	/usr/lib/libarchive.2.dylib
0x00007fff43724000 	/System/Library/Frameworks/SystemConfiguration.framework/Versions/A/SystemConfiguration
0x00007fff6c851000 	/usr/lib/libCRFSuite.dylib
0x00007fff3458b000 	/System/Library/Frameworks/CFNetwork.framework/Versions/A/CFNetwork
0x00007fff6d0bc000 	/usr/lib/libbsm.0.dylib
0x00007fff6fe2d000 	/usr/lib/system/libkxld.dylib
0x00007fff49661000 	/System/Library/PrivateFrameworks/AppleFSCompression.framework/Versions/A/AppleFSCompression
0x00007fff6d447000 	/usr/lib/libcoretls.dylib
0x00007fff6d45e000 	/usr/lib/libcoretls_cfhelpers.dylib
0x00007fff6ec9a000 	/usr/lib/libpam.2.dylib
0x00007fff6edcf000 	/usr/lib/libsqlite3.dylib
0x00007fff6f20e000 	/usr/lib/libxar.1.dylib
0x00007fff6d0cd000 	/usr/lib/libbz2.1.0.dylib
0x00007fff6dbcd000 	/usr/lib/libiconv.2.dylib
0x00007fff6d143000 	/usr/lib/libcharset.1.dylib
0x00007fff6e737000 	/usr/lib/libnetwork.dylib
0x00007fff6eca1000 	/usr/lib/libpcap.A.dylib
0x00007fff6ce9b000 	/usr/lib/libapple_nghttp2.dylib
0x00007fff374bb000 	/System/Library/Frameworks/CoreServices.framework/Versions/A/Frameworks/FSEvents.framework/Versions/A/FSEvents
0x00007fff3718b000 	/System/Library/Frameworks/CoreServices.framework/Versions/A/Frameworks/CarbonCore.framework/Versions/A/CarbonCore
0x00007fff376ff000 	/System/Library/Frameworks/CoreServices.framework/Versions/A/Frameworks/Metadata.framework/Versions/A/Metadata
0x00007fff37798000 	/System/Library/Frameworks/CoreServices.framework/Versions/A/Frameworks/OSServices.framework/Versions/A/OSServices
0x00007fff377c6000 	/System/Library/Frameworks/CoreServices.framework/Versions/A/Frameworks/SearchKit.framework/Versions/A/SearchKit
0x00007fff37105000 	/System/Library/Frameworks/CoreServices.framework/Versions/A/Frameworks/AE.framework/Versions/A/AE
0x00007fff374c4000 	/System/Library/Frameworks/CoreServices.framework/Versions/A/Frameworks/LaunchServices.framework/Versions/A/LaunchServices
0x00007fff3746d000 	/System/Library/Frameworks/CoreServices.framework/Versions/A/Frameworks/DictionaryServices.framework/Versions/A/DictionaryServices
0x00007fff3782e000 	/System/Library/Frameworks/CoreServices.framework/Versions/A/Frameworks/SharedFileList.framework/Versions/A/SharedFileList
0x00007fff3c6bf000 	/System/Library/Frameworks/NetFS.framework/Versions/A/NetFS
0x00007fff5d3a8000 	/System/Library/PrivateFrameworks/NetAuth.framework/Versions/A/NetAuth
0x00007fff69d31000 	/System/Library/PrivateFrameworks/login.framework/Versions/A/Frameworks/loginsupport.framework/Versions/A/loginsupport
0x00007fff6663e000 	/System/Library/PrivateFrameworks/TCC.framework/Versions/A/TCC
0x00007fff4e292000 	/System/Library/PrivateFrameworks/CoreNLP.framework/Versions/A/CoreNLP
0x00007fff5c8a5000 	/System/Library/PrivateFrameworks/MetadataUtilities.framework/Versions/A/MetadataUtilities
0x00007fff6e009000 	/usr/lib/libmecabra.dylib
0x00007fff6df61000 	/usr/lib/libmecab.dylib
0x00007fff6dbbd000 	/usr/lib/libgermantok.dylib
0x00007fff6ce82000 	/usr/lib/libThaiTokenizer.dylib
0x00007fff6c888000 	/usr/lib/libChineseTokenizer.dylib
0x00007fff319bb000 	/System/Library/Frameworks/Accelerate.framework/Versions/A/Frameworks/vImage.framework/Versions/A/vImage
0x00007fff32e25000 	/System/Library/Frameworks/Accelerate.framework/Versions/A/Frameworks/vecLib.framework/Versions/A/vecLib
0x00007fff32d62000 	/System/Library/Frameworks/Accelerate.framework/Versions/A/Frameworks/vecLib.framework/Versions/A/libvMisc.dylib
0x00007fff32b8a000 	/System/Library/Frameworks/Accelerate.framework/Versions/A/Frameworks/vecLib.framework/Versions/A/libvDSP.dylib
0x00007fff32012000 	/System/Library/Frameworks/Accelerate.framework/Versions/A/Frameworks/vecLib.framework/Versions/A/libBLAS.dylib
0x00007fff3274e000 	/System/Library/Frameworks/Accelerate.framework/Versions/A/Frameworks/vecLib.framework/Versions/A/libLAPACK.dylib
0x00007fff32aea000 	/System/Library/Frameworks/Accelerate.framework/Versions/A/Frameworks/vecLib.framework/Versions/A/libLinearAlgebra.dylib
0x00007fff32b77000 	/System/Library/Frameworks/Accelerate.framework/Versions/A/Frameworks/vecLib.framework/Versions/A/libSparseBLAS.dylib
0x00007fff32b00000 	/System/Library/Frameworks/Accelerate.framework/Versions/A/Frameworks/vecLib.framework/Versions/A/libQuadrature.dylib
0x00007fff3227a000 	/System/Library/Frameworks/Accelerate.framework/Versions/A/Frameworks/vecLib.framework/Versions/A/libBNNS.dylib
0x00007fff32b06000 	/System/Library/Frameworks/Accelerate.framework/Versions/A/Frameworks/vecLib.framework/Versions/A/libSparse.dylib
0x00007fff5b419000 	/System/Library/PrivateFrameworks/LanguageModeling.framework/Versions/A/LanguageModeling
0x00007fff4dc42000 	/System/Library/PrivateFrameworks/CoreEmoji.framework/Versions/A/CoreEmoji
0x00007fff5b537000 	/System/Library/PrivateFrameworks/LinguisticData.framework/Versions/A/LinguisticData
0x00007fff5b4e8000 	/System/Library/PrivateFrameworks/Lexicon.framework/Versions/A/Lexicon
0x00007fff6d144000 	/usr/lib/libcmph.dylib
0x00007fff3f2ae000 	/System/Library/Frameworks/OpenDirectory.framework/Versions/A/Frameworks/CFOpenDirectory.framework/Versions/A/CFOpenDirectory
0x00007fff3f2cb000 	/System/Library/Frameworks/OpenDirectory.framework/Versions/A/OpenDirectory
0x00007fff4770e000 	/System/Library/PrivateFrameworks/APFS.framework/Versions/A/APFS
0x00007fff429bd000 	/System/Library/Frameworks/SecurityFoundation.framework/Versions/A/SecurityFoundation
0x00007fff6f20a000 	/usr/lib/libutil.dylib
0x00007fff4f177000 	/System/Library/PrivateFrameworks/CoreServicesStore.framework/Versions/A/CoreServicesStore
0x00007fff42a74000 	/System/Library/Frameworks/ServiceManagement.framework/Versions/A/ServiceManagement
0x00007fff4ae31000 	/System/Library/PrivateFrameworks/BackgroundTaskManagement.framework/Versions/A/BackgroundTaskManagement
0x00007fff6f307000 	/usr/lib/libxslt.1.dylib
0x00007fff49cd4000 	/System/Library/PrivateFrameworks/AppleSystemInfo.framework/Versions/A/AppleSystemInfo
0x00007fff38e63000 	/System/Library/Frameworks/ImageIO.framework/Versions/A/Resources/libJPEG.dylib
0x00007fff39122000 	/System/Library/Frameworks/ImageIO.framework/Versions/A/Resources/libTIFF.dylib
0x00007fff39105000 	/System/Library/Frameworks/ImageIO.framework/Versions/A/Resources/libPng.dylib
0x00007fff38da5000 	/System/Library/Frameworks/ImageIO.framework/Versions/A/Resources/libGIF.dylib
0x00007fff38da9000 	/System/Library/Frameworks/ImageIO.framework/Versions/A/Resources/libJP2.dylib
0x00007fff39120000 	/System/Library/Frameworks/ImageIO.framework/Versions/A/Resources/libRadiance.dylib
0x00007fff6db86000 	/usr/lib/libexpat.1.dylib
0x00007fff497bc000 	/System/Library/PrivateFrameworks/AppleJPEG.framework/Versions/A/AppleJPEG
0x00007fff5248d000 	/System/Library/PrivateFrameworks/FontServices.framework/libFontParser.dylib
0x00007fff68d33000 	/System/Library/PrivateFrameworks/WatchdogClient.framework/Versions/A/WatchdogClient
0x00007fff5aa74000 	/System/Library/PrivateFrameworks/IOAccelerator.framework/Versions/A/IOAccelerator
0x00007fff3b62f000 	/System/Library/Frameworks/MetalPerformanceShaders.framework/Versions/A/MetalPerformanceShaders
0x00007fff5720a000 	/System/Library/PrivateFrameworks/GPUWrangler.framework/Versions/A/GPUWrangler
0x00007fff5aa89000 	/System/Library/PrivateFrameworks/IOPresentment.framework/Versions/A/IOPresentment
0x00007fff4fcf7000 	/System/Library/PrivateFrameworks/DSExternalDisplay.framework/Versions/A/DSExternalDisplay
0x00007fff3fc3f000 	/System/Library/Frameworks/OpenGL.framework/Versions/A/Libraries/libCoreFSCache.dylib
0x00007fff3b37b000 	/System/Library/Frameworks/MetalPerformanceShaders.framework/Frameworks/MPSCore.framework/Versions/A/MPSCore
0x00007fff3b3b9000 	/System/Library/Frameworks/MetalPerformanceShaders.framework/Frameworks/MPSImage.framework/Versions/A/MPSImage
0x00007fff3b480000 	/System/Library/Frameworks/MetalPerformanceShaders.framework/Frameworks/MPSNeuralNetwork.framework/Versions/A/MPSNeuralNetwork
0x00007fff3b444000 	/System/Library/Frameworks/MetalPerformanceShaders.framework/Frameworks/MPSMatrix.framework/Versions/A/MPSMatrix
0x00007fff3b5df000 	/System/Library/Frameworks/MetalPerformanceShaders.framework/Frameworks/MPSRayIntersector.framework/Versions/A/MPSRayIntersector
0x00007fff3b46a000 	/System/Library/Frameworks/MetalPerformanceShaders.framework/Frameworks/MPSNDArray.framework/Versions/A/MPSNDArray
0x00007fff5c8f2000 	/System/Library/PrivateFrameworks/MetalTools.framework/Versions/A/MetalTools
0x00007fff488e8000 	/System/Library/PrivateFrameworks/AggregateDictionary.framework/Versions/A/AggregateDictionary
0x00007fff4d68a000 	/System/Library/PrivateFrameworks/CoreAnalytics.framework/Versions/A/CoreAnalytics
0x00007fff49bf3000 	/System/Library/PrivateFrameworks/AppleSauce.framework/Versions/A/AppleSauce
0x00007fff6cb44000 	/usr/lib/libIOReport.dylib
0x00007fff37d2f000 	/System/Library/Frameworks/CoreVideo.framework/Versions/A/CoreVideo
0x00007fff58683000 	/System/Library/PrivateFrameworks/GraphVisualizer.framework/Versions/A/GraphVisualizer
0x00007fff519d3000 	/System/Library/PrivateFrameworks/FaceCore.framework/Versions/A/FaceCore
0x00007fff3f255000 	/System/Library/Frameworks/OpenCL.framework/Versions/A/OpenCL
0x00007fff6c966000 	/usr/lib/libFosl_dynamic.dylib
0x00007fff5ddc8000 	/System/Library/PrivateFrameworks/OTSVG.framework/Versions/A/OTSVG
0x00007fff33ee4000 	/System/Library/Frameworks/ApplicationServices.framework/Versions/A/Frameworks/ATS.framework/Versions/A/Resources/libFontRegistry.dylib
0x00007fff5265e000 	/System/Library/PrivateFrameworks/FontServices.framework/libhvf.dylib
0x00007fff3fc4a000 	/System/Library/Frameworks/OpenGL.framework/Versions/A/Libraries/libGFXShared.dylib
0x00007fff3fe28000 	/System/Library/Frameworks/OpenGL.framework/Versions/A/Libraries/libGLU.dylib
0x00007fff3fc53000 	/System/Library/Frameworks/OpenGL.framework/Versions/A/Libraries/libGL.dylib
0x00007fff3fc5e000 	/System/Library/Frameworks/OpenGL.framework/Versions/A/Libraries/libGLImage.dylib
0x00007fff3fc3c000 	/System/Library/Frameworks/OpenGL.framework/Versions/A/Libraries/libCVMSPluginSupport.dylib
0x00007fff3fc45000 	/System/Library/Frameworks/OpenGL.framework/Versions/A/Libraries/libCoreVMClient.dylib
0x00007fff6e5d8000 	/usr/lib/libncurses.5.4.dylib
0x00007fff33de0000 	/System/Library/Frameworks/ApplicationServices.framework/Versions/A/Frameworks/ATS.framework/Versions/A/ATS
0x00007fff33fad000 	/System/Library/Frameworks/ApplicationServices.framework/Versions/A/Frameworks/ColorSyncLegacy.framework/Versions/A/ColorSyncLegacy
0x00007fff3404b000 	/System/Library/Frameworks/ApplicationServices.framework/Versions/A/Frameworks/HIServices.framework/Versions/A/HIServices
0x00007fff340a3000 	/System/Library/Frameworks/ApplicationServices.framework/Versions/A/Frameworks/LangAnalysis.framework/Versions/A/LangAnalysis
0x00007fff340b2000 	/System/Library/Frameworks/ApplicationServices.framework/Versions/A/Frameworks/PrintCore.framework/Versions/A/PrintCore
0x00007fff340f8000 	/System/Library/Frameworks/ApplicationServices.framework/Versions/A/Frameworks/QD.framework/Versions/A/QD
0x00007fff34103000 	/System/Library/Frameworks/ApplicationServices.framework/Versions/A/Frameworks/SpeechSynthesis.framework/Versions/A/SpeechSynthesis
0x00007fff33f7d000 	/System/Library/Frameworks/ApplicationServices.framework/Versions/A/Frameworks/ATSUI.framework/Versions/A/ATSUI
0x00007fff6da1c000 	/usr/lib/libcups.2.dylib
0x00007fff3a6ca000 	/System/Library/Frameworks/Kerberos.framework/Versions/A/Kerberos
0x00007fff3880b000 	/System/Library/Frameworks/GSS.framework/Versions/A/GSS
0x00007fff6ed5b000 	/usr/lib/libresolv.9.dylib
0x00007fff58830000 	/System/Library/PrivateFrameworks/Heimdal.framework/Versions/A/Heimdal
0x00007fff3a6dd000 	/System/Library/Frameworks/Kerberos.framework/Versions/A/Libraries/libHeimdalProxy.dylib
0x00007fff6dbc3000 	/usr/lib/libheimdal-asn1.dylib
0x00007fff4cb22000 	/System/Library/PrivateFrameworks/CommonAuth.framework/Versions/A/CommonAuth
0x00007fff49d71000 	/System/Library/PrivateFrameworks/AssertionServices.framework/Versions/A/AssertionServices
0x00007fff4a914000 	/System/Library/PrivateFrameworks/AudioToolboxCore.framework/Versions/A/AudioToolboxCore
0x00007fff699e1000 	/System/Library/PrivateFrameworks/caulk.framework/Versions/A/caulk
0x00007fff4aedd000 	/System/Library/PrivateFrameworks/BaseBoard.framework/Versions/A/BaseBoard
0x00007fff6202b000 	/System/Library/PrivateFrameworks/RunningBoardServices.framework/Versions/A/RunningBoardServices
0x00007fff5f03c000 	/System/Library/PrivateFrameworks/PersistentConnection.framework/Versions/A/PersistentConnection
0x00007fff61a24000 	/System/Library/PrivateFrameworks/ProtocolBuffer.framework/Versions/A/ProtocolBuffer
0x00007fff4cb46000 	/System/Library/PrivateFrameworks/CommonUtilities.framework/Versions/A/CommonUtilities
0x00007fff4b06b000 	/System/Library/PrivateFrameworks/Bom.framework/Versions/A/Bom
0x00007fff6c817000 	/usr/lib/libAudioToolboxUtility.dylib
0x00007fff4ae3b000 	/System/Library/PrivateFrameworks/Backup.framework/Versions/A/Backup
0x00007fff4fc18000 	/System/Library/PrivateFrameworks/CrashReporterSupport.framework/Versions/A/CrashReporterSupport
0x00007fff63abd000 	/System/Library/PrivateFrameworks/Sharing.framework/Versions/A/Sharing
0x00007fff4937f000 	/System/Library/PrivateFrameworks/Apple80211.framework/Versions/A/Apple80211
0x00007fff4ab58000 	/System/Library/PrivateFrameworks/AuthKit.framework/Versions/A/AuthKit
0x00007fff4f925000 	/System/Library/PrivateFrameworks/CoreUtils.framework/Versions/A/CoreUtils
0x00007fff37d74000 	/System/Library/Frameworks/CoreWLAN.framework/Versions/A/CoreWLAN
0x00007fff38998000 	/System/Library/Frameworks/IOBluetooth.framework/Versions/A/IOBluetooth
0x00007fff5cbf7000 	/System/Library/PrivateFrameworks/MobileKeyBag.framework/Versions/A/MobileKeyBag
0x00007fff4e72a000 	/System/Library/PrivateFrameworks/CorePhoneNumbers.framework/Versions/A/CorePhoneNumbers
0x00007fff4976f000 	/System/Library/PrivateFrameworks/AppleIDAuthSupport.framework/Versions/A/AppleIDAuthSupport
0x00007fff3c6cc000 	/System/Library/Frameworks/Network.framework/Versions/A/Network
0x00007fff5b2c5000 	/System/Library/PrivateFrameworks/KeychainCircle.framework/Versions/A/KeychainCircle
0x00007fff357c5000 	/System/Library/Frameworks/CoreBluetooth.framework/Versions/A/CoreBluetooth
0x00007fff65b3c000 	/System/Library/PrivateFrameworks/SpeechRecognitionCore.framework/Versions/A/SpeechRecognitionCore
0x0000000109e00000 	/Library/Java/JavaVirtualMachines/jdk1.8.0_241.jdk/Contents/Home/jre/lib/server/libjvm.dylib
0x00007fff6f0dd000 	/usr/lib/libstdc++.6.dylib
0x0000000108525000 	/Library/Java/JavaVirtualMachines/jdk1.8.0_241.jdk/Contents/Home/jre/lib/libverify.dylib
0x0000000108533000 	/Library/Java/JavaVirtualMachines/jdk1.8.0_241.jdk/Contents/Home/jre/lib/libjava.dylib
0x00000001085b3000 	/Library/Java/JavaVirtualMachines/jdk1.8.0_241.jdk/Contents/Home/jre/lib/libzip.dylib
0x0000000117208000 	/Library/Java/JavaVirtualMachines/jdk1.8.0_241.jdk/Contents/Home/jre/lib/libmanagement.dylib
0x0000000117216000 	/Library/Java/JavaVirtualMachines/jdk1.8.0_241.jdk/Contents/Home/jre/lib/libnet.dylib
0x0000000117448000 	/Library/Java/JavaVirtualMachines/jdk1.8.0_241.jdk/Contents/Home/jre/lib/libnio.dylib
0x0000000117887000 	/Library/Java/JavaVirtualMachines/jdk1.8.0_241.jdk/Contents/Home/jre/lib/libsunec.dylib
0x0000000117f50000 	/private/var/folders/5m/spg3jwtx321ckmgf_mgh9vvh0000gp/T/libnetty_transport_native_kqueue_x86_643892340621111994988.dylib

VM Arguments:
jvm_args: -Dfile.encoding=UTF-8 -Duser.country=US -Duser.language=en -Duser.variant 
java_command: com.newamerica.webserver.Starter --server.port=10070 --config.rpc.host=localhost --config.rpc.port=10021 --config.rpc.username=user1 --config.rpc.password=test
java_class_path (initial): /Users/zhenzhentan/zcordapp/digi-OARS/cordapp/clients/build/classes/java/main:/Users/zhenzhentan/zcordapp/digi-OARS/cordapp/clients/build/resources/main:/Users/zhenzhentan/zcordapp/digi-OARS/cordapp/workflows/build/libs/workflows-0.1.jar:/Users/zhenzhentan/.gradle/caches/modules-2/files-2.1/net.corda/corda-rpc/4.5/81575704d2b6e2002123fec199d316f96cda22b7/corda-rpc-4.5.jar:/Users/zhenzhentan/zcordapp/digi-OARS/cordapp/contracts/build/libs/contracts-0.1.jar:/Users/zhenzhentan/.gradle/caches/modules-2/files-2.1/net.corda/corda-node-api/4.5/5a39fd11e2f1dce7b16fa317651c1cbe8b4850d9/corda-node-api-4.5.jar:/Users/zhenzhentan/.gradle/caches/modules-2/files-2.1/net.corda/corda-jackson/4.5/50dbbfc47fc4e66379a9abba2dc85cc02b376668/corda-jackson-4.5.jar:/Users/zhenzhentan/.gradle/caches/modules-2/files-2.1/net.corda/corda-serialization/4.5/11cacb25714480dfd598539a0fc1074b6c4f07fe/corda-serialization-4.5.jar:/Users/zhenzhentan/.gradle/caches/modules-2/files-2.1/net.corda/corda-core/4.5/c2c49ea86d3b4db6f2d1956959adb76aeeca5c97/corda-core-4.5.jar:/Users/zhenzhentan/.gradle/caches/modules-2/files-2.1/org.springframework.boot/spring-boot-starter-websocket/2.0.2.RELEASE/92df00f5f6e0248bd57ed68f6124957737adf9f0/spring-boot-starter-websocket-2.0.2.RELEASE.jar:/Users/zhenzhentan/.gradle/caches/modules-2/files-2.1/org.apache.logging.log4j/log4j-slf4j-impl/2.11.2/4d44e4edc4a7fb39f09b95b09f560a15976fa1ba/log4j-slf4j-impl-2.11.2.jar:/Users/zhenzhentan/.gradle/caches/modules-2/files-2.1/org.apache.logging.log4j/log4j-web/2.11.2/d11ebc03fdf773d32143e0f7ea0fc131c21311e7/log4j-web-2.11.2.jar:/Users/zhenzhentan/.gradle/caches/modules-2/files-2.1/org.slf4j/jul-to-slf4j/1.7.25/af5364cd6679bfffb114f0dec8a157aaa283b76/jul-to-slf4j-1.7.25.jar:/Users/zhenzhentan/.gradle/caches/modules-2/files-2.1/org.glassfish.jersey.core/jersey-server/2.26/aa8eff3d591641dadd7c9880bb73b59bf46d4c82/jersey-server-2.26.jar:/Users/zhenzhentan/.gradle/caches/modules-2/files-2.1/org.glassfish.je
Launcher Type: SUN_STANDARD

Environment Variables:
PATH=/usr/local/bin:/usr/bin:/bin:/usr/sbin:/sbin:/usr/local/opt/liquibase:/usr/local/share/dotnet:/usr/local/munki:~/.dotnet/tools:/Library/Apple/usr/bin:/Library/Frameworks/Mono.framework/Versions/Current/Commands:/Users/zhenzhentan/apache-ant-1.10.7/bin:/usr/local/opt/wildfly-as/libexec/bin:/Users/zhenzhentan/.web3j_corda/web3j-corda-0.2.8/bin
SHELL=/bin/zsh

Signal Handlers:
SIGSEGV: [libjvm.dylib+0x5bd1a7], sa_mask[0]=11111111011111110111111111111111, sa_flags=SA_ONSTACK|SA_RESTART|SA_SIGINFO
SIGBUS: [libjvm.dylib+0x5bd1a7], sa_mask[0]=11111111011111110111111111111111, sa_flags=SA_RESTART|SA_SIGINFO
SIGFPE: [libjvm.dylib+0x48e178], sa_mask[0]=11111111011111110111111111111111, sa_flags=SA_RESTART|SA_SIGINFO
SIGPIPE: [libjvm.dylib+0x48e178], sa_mask[0]=11111111011111110111111111111111, sa_flags=SA_RESTART|SA_SIGINFO
SIGXFSZ: [libjvm.dylib+0x48e178], sa_mask[0]=11111111011111110111111111111111, sa_flags=SA_RESTART|SA_SIGINFO
SIGILL: [libjvm.dylib+0x48e178], sa_mask[0]=11111111011111110111111111111111, sa_flags=SA_RESTART|SA_SIGINFO
SIGUSR1: SIG_DFL, sa_mask[0]=00000000000000000000000000000000, sa_flags=none
SIGUSR2: [libjvm.dylib+0x48dc96], sa_mask[0]=00100000000000000000000000000000, sa_flags=SA_RESTART|SA_SIGINFO
SIGHUP: [libjvm.dylib+0x48c221], sa_mask[0]=11111111011111110111111111111111, sa_flags=SA_RESTART|SA_SIGINFO
SIGINT: [libjvm.dylib+0x48c221], sa_mask[0]=11111111011111110111111111111111, sa_flags=SA_RESTART|SA_SIGINFO
SIGTERM: [libjvm.dylib+0x48c221], sa_mask[0]=11111111011111110111111111111111, sa_flags=SA_RESTART|SA_SIGINFO
SIGQUIT: [libjvm.dylib+0x48c221], sa_mask[0]=11111111011111110111111111111111, sa_flags=SA_RESTART|SA_SIGINFO


---------------  S Y S T E M  ---------------

OS:Bsduname:Darwin 19.6.0 Darwin Kernel Version 19.6.0: Mon Aug 31 22:12:52 PDT 2020; root:xnu-6153.141.2~1/RELEASE_X86_64 x86_64
rlimit: STACK 8192k, CORE 0k, NPROC 2784, NOFILE 10240, AS infinity
load average:4.50 19.78 17.38

CPU:total 12 (initial active 12) (6 cores per cpu, 2 threads per core) family 6 model 158 stepping 10, cmov, cx8, fxsr, mmx, sse, sse2, sse3, ssse3, sse4.1, sse4.2, popcnt, avx, avx2, aes, clmul, erms, 3dnowpref, lzcnt, ht, tsc, tscinvbit, bmi1, bmi2, adx

Memory: 4k page, physical 16777216k(1158636k free)

/proc/meminfo:


vm_info: Java HotSpot(TM) 64-Bit Server VM (25.241-b07) for bsd-amd64 JRE (1.8.0_241-b07), built on Dec 11 2019 02:29:59 by "java_re" with gcc 4.2.1 (Based on Apple Inc. build 5658) (LLVM build 2336.11.00)

time: Thu Oct 15 15:47:59 2020
timezone: EDT
elapsed time: 87147 seconds (1d 0h 12m 27s)

