#
# A fatal error has been detected by the Java Runtime Environment:
#
#  SIGBUS (0xa) at pc=0x000000010c859e92, pid=91783, tid=0x0000000000005803
#
# JRE version: Java(TM) SE Runtime Environment (8.0_241-b07) (build 1.8.0_241-b07)
# Java VM: Java HotSpot(TM) 64-Bit Server VM (25.241-b07 mixed mode bsd-amd64 compressed oops)
# Problematic frame:
# C  [libzip.dylib+0x2e92]  newEntry+0x154
#
# Failed to write core dump. Core dumps have been disabled. To enable core dumping, try "ulimit -c unlimited" before starting Java again
#
# If you would like to submit a bug report, please visit:
#   http://bugreport.java.com/bugreport/crash.jsp
# The crash happened outside the Java Virtual Machine in native code.
# See problematic frame for where to report the bug.
#

---------------  T H R E A D  ---------------

Current thread (0x00007f84847fd000):  JavaThread "Test worker" [_thread_in_native, id=22531, stack(0x0000700010cee000,0x0000700010dee000)]

siginfo: si_signo: 10 (SIGBUS), si_code: 2 (BUS_ADRERR), si_addr: 0x0000000111d1607f

Registers:
RAX=0x00007f848490fa30, RBX=0x0000000111d16073, RCX=0x0000000000000000, RDX=0x00007f8484800000
RSP=0x0000700010de80e0, RBP=0x0000700010de8140, RSI=0x0000000008000000, RDI=0x000000000000068d
R8 =0x00000000000068d7, R9 =0x00000000000068db, R10=0x00000000f87fffff, R11=0x0000000000000000
R12=0x00007f848490fbd0, R13=0x00000000000000b0, R14=0x00000000574e8a82, R15=0x00007f848fb1a440
RIP=0x000000010c859e92, EFLAGS=0x0000000000010202, ERR=0x0000000000000004
  TRAPNO=0x000000000000000e

Top of Stack: (sp=0x0000700010de80e0)
0x0000700010de80e0:   0000700010de8100 00000000835378d0
0x0000700010de80f0:   00007f8483420a60 00007f8483420a70
0x0000700010de8100:   0000700010de8120 00007f848490fa30
0x0000700010de8110:   00007f848486cde0 00007f848490fa30
0x0000700010de8120:   00007f848490fbd0 00000000000000b0
0x0000700010de8130:   00000000574e8a82 00007f848fb1a440
0x0000700010de8140:   0000700010de81a0 000000010c85a52d
0x0000700010de8150:   0000700010de81ea 0000700010de81e9
0x0000700010de8160:   0000002a00000000 0000002b017fd000
0x0000700010de8170:   0000700010de81be 0000700010de8608
0x0000700010de8180:   000000000000002b 0000700010de81be
0x0000700010de8190:   00007f848490fa30 00007f84847fd1f8
0x0000700010de81a0:   0000700010de85f0 000000010c859238
0x0000700010de81b0:   0000700010de8340 6f63000100000001
0x0000700010de81c0:   656d6177656e2f6d 6e6f632f61636972
0x0000700010de81d0:   462f737463617274 72746e6f43646e75
0x0000700010de81e0:   73616c632e746361 00007f8483000073
0x0000700010de81f0:   000000010c03f880 000000072a872838
0x0000700010de8200:   0000000000001400 00000005c02fb2f0
0x0000700010de8210:   00000005c0421de0 000000072a872460
0x0000700010de8220:   0000000000000000 000000072a8722d8
0x0000700010de8230:   000000072a872460 f694000070001002
0x0000700010de8240:   0000002b0000ffff 00000005c0421e10
0x0000700010de8250:   00007f84ffffffff 00000005c02fb198
0x0000700010de8260:   0000000000000000 0000000000000000
0x0000700010de8270:   0000000000000000 0000000100000008
0x0000700010de8280:   0000000109fcd080 00007f84836389b0
0x0000700010de8290:   0000000200000000 0000000000000079
0x0000700010de82a0:   0000000000000079 000000000000002b
0x0000700010de82b0:   0000000000000000 0000000109fcc000
0x0000700010de82c0:   0000000000000078 0000000000000000
0x0000700010de82d0:   0000700010de8340 000000010bb251f8 

Instructions: (pc=0x000000010c859e92)
0x000000010c859e72:   49 8b 7f 38 e8 5b 1b 00 00 4d 89 77 38 49 89 5f
0x000000010c859e82:   40 4c 89 f0 48 85 c0 0f 84 11 05 00 00 48 89 c3
0x000000010c859e92:   0f b6 43 0c 0f b6 4b 0d 48 c1 e1 08 48 01 c1 0f
0x000000010c859ea2:   b6 43 0e 0f b6 53 0f 48 c1 e2 08 48 01 c2 48 c1 

Register to memory mapping:

RAX=0x00007f848490fa30 is an unknown value
RBX=0x0000000111d16073 is an unknown value
RCX=0x0000000000000000 is an unknown value
RDX=0x00007f8484800000 is an unknown value
RSP=0x0000700010de80e0 is pointing into the stack for thread: 0x00007f84847fd000
RBP=0x0000700010de8140 is pointing into the stack for thread: 0x00007f84847fd000
RSI=0x0000000008000000 is an unknown value
RDI=0x000000000000068d is an unknown value
R8 =0x00000000000068d7 is an unknown value
R9 =0x00000000000068db is an unknown value
R10=0x00000000f87fffff is an unknown value
R11=0x0000000000000000 is an unknown value
R12=0x00007f848490fbd0 is an unknown value
R13=0x00000000000000b0 is an unknown value
R14=0x00000000574e8a82 is an unknown value
R15=0x00007f848fb1a440 is an unknown value


Stack: [0x0000700010cee000,0x0000700010dee000],  sp=0x0000700010de80e0,  free space=1000k
Native frames: (J=compiled Java code, j=interpreted, Vv=VM code, C=native code)
C  [libzip.dylib+0x2e92]  newEntry+0x154
C  [libzip.dylib+0x352d]  ZIP_GetEntry2+0xd4
C  [libzip.dylib+0x2238]  Java_java_util_zip_ZipFile_getEntry+0xcf
J 116  java.util.zip.ZipFile.getEntry(J[BZ)J (0 bytes) @ 0x000000011a10094e [0x000000011a100880+0xce]
J 6180 C2 sun.misc.URLClassPath$JarLoader.getResource(Ljava/lang/String;Z)Lsun/misc/Resource; (85 bytes) @ 0x000000011b2bf3d0 [0x000000011b2bef00+0x4d0]
J 6835 C1 sun.misc.URLClassPath.getResource(Ljava/lang/String;Z)Lsun/misc/Resource; (83 bytes) @ 0x000000011a867e4c [0x000000011a867da0+0xac]
J 6400 C1 java.net.URLClassLoader$1.run()Ljava/lang/Class; (63 bytes) @ 0x000000011b2dcf3c [0x000000011b2dce80+0xbc]
J 6399 C1 java.net.URLClassLoader$1.run()Ljava/lang/Object; (5 bytes) @ 0x000000011a4761a4 [0x000000011a476140+0x64]
v  ~StubRoutines::call_stub
V  [libjvm.dylib+0x2f1b06]
V  [libjvm.dylib+0x3523f6]
J 199  java.security.AccessController.doPrivileged(Ljava/security/PrivilegedExceptionAction;Ljava/security/AccessControlContext;)Ljava/lang/Object; (0 bytes) @ 0x000000011a130e15 [0x000000011a130d40+0xd5]
J 6418 C1 java.net.URLClassLoader.findClass(Ljava/lang/String;)Ljava/lang/Class; (47 bytes) @ 0x000000011b2f5b4c [0x000000011b2f5a60+0xec]
J 6428 C1 java.lang.ClassLoader.loadClass(Ljava/lang/String;Z)Ljava/lang/Class; (122 bytes) @ 0x000000011b302b1c [0x000000011b3027e0+0x33c]
J 5682 C2 sun.misc.Launcher$AppClassLoader.loadClass(Ljava/lang/String;Z)Ljava/lang/Class; (85 bytes) @ 0x000000011b0da5f8 [0x000000011b0da440+0x1b8]
J 6428 C1 java.lang.ClassLoader.loadClass(Ljava/lang/String;Z)Ljava/lang/Class; (122 bytes) @ 0x000000011b302a6c [0x000000011b3027e0+0x28c]
J 4006 C2 java.lang.ClassLoader.loadClass(Ljava/lang/String;)Ljava/lang/Class; (7 bytes) @ 0x000000011a691d60 [0x000000011a691d20+0x40]
v  ~StubRoutines::call_stub
V  [libjvm.dylib+0x2f1b06]
V  [libjvm.dylib+0x2f22aa]
V  [libjvm.dylib+0x2f2402]
V  [libjvm.dylib+0x54794c]
V  [libjvm.dylib+0x5470f6]
V  [libjvm.dylib+0x547b68]
V  [libjvm.dylib+0x54821b]
V  [libjvm.dylib+0x34a145]
V  [libjvm.dylib+0x354872]
C  [libjava.dylib+0x19ff]  Java_java_lang_Class_forName0+0x13f
J 1526  java.lang.Class.forName0(Ljava/lang/String;ZLjava/lang/ClassLoader;Ljava/lang/Class;)Ljava/lang/Class; (0 bytes) @ 0x000000011a5b13b4 [0x000000011a5b12c0+0xf4]
J 1990 C1 java.lang.Class.forName(Ljava/lang/String;ZLjava/lang/ClassLoader;)Ljava/lang/Class; (53 bytes) @ 0x000000011a7c2a34 [0x000000011a7c28e0+0x154]
j  net.corda.core.internal.ConstraintsUtilsKt.contractHasAutomaticConstraintPropagation(Ljava/lang/String;Ljava/lang/ClassLoader;)Z+26
j  net.corda.core.internal.ConstraintsUtilsKt.warnContractWithoutConstraintPropagation(Ljava/lang/String;Ljava/lang/ClassLoader;)V+8
j  net.corda.node.internal.cordapp.JarScanningCordappLoader.findContractClassNamesWithVersionCheck(Lnet/corda/node/internal/cordapp/JarScanningCordappLoader$RestrictedScanResult;)Ljava/util/List;+121
j  net.corda.node.internal.cordapp.JarScanningCordappLoader.toCordapp(Lnet/corda/node/internal/cordapp/JarScanningCordappLoader$RestrictedScanResult;Lnet/corda/node/internal/cordapp/JarScanningCordappLoader$RestrictedURL;)Lnet/corda/core/internal/cordapp/CordappImpl;+172
j  net.corda.node.internal.cordapp.JarScanningCordappLoader.loadCordapps()Ljava/util/List;+97
j  net.corda.node.internal.cordapp.JarScanningCordappLoader.access$loadCordapps(Lnet/corda/node/internal/cordapp/JarScanningCordappLoader;)Ljava/util/List;+1
j  net.corda.node.internal.cordapp.JarScanningCordappLoader$cordapps$2.invoke()Ljava/util/List;+4
j  net.corda.node.internal.cordapp.JarScanningCordappLoader$cordapps$2.invoke()Ljava/lang/Object;+1
j  kotlin.SynchronizedLazyImpl.getValue()Ljava/lang/Object;+49
j  net.corda.node.internal.cordapp.JarScanningCordappLoader.getCordapps()Ljava/util/List;+14
j  net.corda.node.internal.cordapp.CordappLoaderTemplate$cordappSchemas$2.invoke()Ljava/util/Set;+4
j  net.corda.node.internal.cordapp.CordappLoaderTemplate$cordappSchemas$2.invoke()Ljava/lang/Object;+1
j  kotlin.SynchronizedLazyImpl.getValue()Ljava/lang/Object;+49
j  net.corda.node.internal.cordapp.CordappLoaderTemplate.getCordappSchemas()Ljava/util/Set;+14
j  net.corda.node.internal.AbstractNode.<init>(Lnet/corda/node/services/config/NodeConfiguration;Lnet/corda/node/CordaClock;Lnet/corda/node/utilities/BindableNamedCacheFactory;Lnet/corda/node/VersionInfo;Lnet/corda/node/internal/FlowManager;Lnet/corda/node/utilities/AffinityExecutor$ServiceAffinityExecutor;Lorg/apache/activemq/artemis/utils/ReusableLatch;Lnet/corda/djvm/source/ApiSource;Lnet/corda/djvm/source/UserSource;)V+355
j  net.corda.node.internal.AbstractNode.<init>(Lnet/corda/node/services/config/NodeConfiguration;Lnet/corda/node/CordaClock;Lnet/corda/node/utilities/BindableNamedCacheFactory;Lnet/corda/node/VersionInfo;Lnet/corda/node/internal/FlowManager;Lnet/corda/node/utilities/AffinityExecutor$ServiceAffinityExecutor;Lorg/apache/activemq/artemis/utils/ReusableLatch;Lnet/corda/djvm/source/ApiSource;Lnet/corda/djvm/source/UserSource;ILkotlin/jvm/internal/DefaultConstructorMarker;)V+65
j  net.corda.testing.node.internal.InternalMockNetwork$MockNode.<init>(Lnet/corda/testing/node/internal/MockNodeArgs;Lnet/corda/testing/node/internal/MockNodeFlowManager;)V+81
j  net.corda.testing.node.internal.InternalMockNetwork$MockNode.<init>(Lnet/corda/testing/node/internal/MockNodeArgs;Lnet/corda/testing/node/internal/MockNodeFlowManager;ILkotlin/jvm/internal/DefaultConstructorMarker;)V+14
j  net.corda.testing.node.internal.InternalMockNetwork$1.invoke(Lnet/corda/testing/node/internal/MockNodeArgs;)Lnet/corda/testing/node/internal/InternalMockNetwork$MockNode;+14
j  net.corda.testing.node.internal.InternalMockNetwork$1.invoke(Ljava/lang/Object;)Ljava/lang/Object;+5
j  net.corda.testing.node.internal.InternalMockNetwork.createNodeImpl(Lnet/corda/testing/node/internal/InternalMockNodeParameters;Lkotlin/jvm/functions/Function1;Z)Lnet/corda/testing/node/internal/InternalMockNetwork$MockNode;+342
j  net.corda.testing.node.internal.InternalMockNetwork.createNode(Lnet/corda/testing/node/internal/InternalMockNodeParameters;Lkotlin/jvm/functions/Function1;)Lnet/corda/testing/node/internal/TestStartedNode;+18
j  net.corda.testing.node.internal.InternalMockNetwork.createNode(Lnet/corda/testing/node/internal/InternalMockNodeParameters;)Lnet/corda/testing/node/internal/TestStartedNode;+13
j  net.corda.testing.node.internal.InternalMockNetwork.createNotaries$node_driver()Ljava/util/List;+97
j  net.corda.testing.node.internal.InternalMockNetwork.<init>(Ljava/util/List;Lnet/corda/testing/node/MockNetworkParameters;ZZLnet/corda/testing/node/InMemoryMessagingNetwork$ServicePeerAllocationStrategy;Ljava/util/List;Ljava/nio/file/Path;Lnet/corda/core/node/NetworkParameters;Lkotlin/jvm/functions/Function1;Ljava/util/Collection;Z)V+378
j  net.corda.testing.node.internal.InternalMockNetwork.<init>(Ljava/util/List;Lnet/corda/testing/node/MockNetworkParameters;ZZLnet/corda/testing/node/InMemoryMessagingNetwork$ServicePeerAllocationStrategy;Ljava/util/List;Ljava/nio/file/Path;Lnet/corda/core/node/NetworkParameters;Lkotlin/jvm/functions/Function1;Ljava/util/Collection;ZILkotlin/jvm/internal/DefaultConstructorMarker;)V+221
j  net.corda.testing.node.MockNetwork.<init>(Ljava/util/List;Lnet/corda/testing/node/MockNetworkParameters;ZZLnet/corda/testing/node/InMemoryMessagingNetwork$ServicePeerAllocationStrategy;Ljava/util/List;Lnet/corda/core/node/NetworkParameters;)V+134
j  net.corda.testing.node.MockNetwork.<init>(Ljava/util/List;Lnet/corda/testing/node/MockNetworkParameters;ZZLnet/corda/testing/node/InMemoryMessagingNetwork$ServicePeerAllocationStrategy;Ljava/util/List;Lnet/corda/core/node/NetworkParameters;ILkotlin/jvm/internal/DefaultConstructorMarker;)V+104
j  net.corda.testing.node.MockNetwork.<init>(Lnet/corda/testing/node/MockNetworkParameters;)V+19
j  com.newamerica.flow.RejectRequestFlowTests.setup()V+89
v  ~StubRoutines::call_stub
V  [libjvm.dylib+0x2f1b06]
V  [libjvm.dylib+0x4d9020]
V  [libjvm.dylib+0x4d9554]
V  [libjvm.dylib+0x34a054]
j  sun.reflect.NativeMethodAccessorImpl.invoke0(Ljava/lang/reflect/Method;Ljava/lang/Object;[Ljava/lang/Object;)Ljava/lang/Object;+0
j  sun.reflect.NativeMethodAccessorImpl.invoke(Ljava/lang/Object;[Ljava/lang/Object;)Ljava/lang/Object;+100
j  sun.reflect.DelegatingMethodAccessorImpl.invoke(Ljava/lang/Object;[Ljava/lang/Object;)Ljava/lang/Object;+6
j  java.lang.reflect.Method.invoke(Ljava/lang/Object;[Ljava/lang/Object;)Ljava/lang/Object;+56
j  org.junit.runners.model.FrameworkMethod$1.runReflectiveCall()Ljava/lang/Object;+15
j  org.junit.internal.runners.model.ReflectiveCallable.run()Ljava/lang/Object;+1
j  org.junit.runners.model.FrameworkMethod.invokeExplosively(Ljava/lang/Object;[Ljava/lang/Object;)Ljava/lang/Object;+10
j  org.junit.internal.runners.statements.RunBefores.evaluate()V+38
j  org.junit.internal.runners.statements.RunAfters.evaluate()V+12
j  org.junit.rules.ExpectedException$ExpectedExceptionStatement.evaluate()V+4
j  org.junit.rules.RunRules.evaluate()V+4
j  org.junit.runners.ParentRunner.runLeaf(Lorg/junit/runners/model/Statement;Lorg/junit/runner/Description;Lorg/junit/runner/notification/RunNotifier;)V+17
j  org.junit.runners.BlockJUnit4ClassRunner.runChild(Lorg/junit/runners/model/FrameworkMethod;Lorg/junit/runner/notification/RunNotifier;)V+30
j  org.junit.runners.BlockJUnit4ClassRunner.runChild(Ljava/lang/Object;Lorg/junit/runner/notification/RunNotifier;)V+6
j  org.junit.runners.ParentRunner$3.run()V+12
j  org.junit.runners.ParentRunner$1.schedule(Ljava/lang/Runnable;)V+1
j  org.junit.runners.ParentRunner.runChildren(Lorg/junit/runner/notification/RunNotifier;)V+44
j  org.junit.runners.ParentRunner.access$000(Lorg/junit/runners/ParentRunner;Lorg/junit/runner/notification/RunNotifier;)V+2
j  org.junit.runners.ParentRunner$2.evaluate()V+8
j  org.junit.runners.ParentRunner.run(Lorg/junit/runner/notification/RunNotifier;)V+20
j  org.gradle.api.internal.tasks.testing.junit.JUnitTestClassExecutor.runTestClass(Ljava/lang/String;)V+296
j  org.gradle.api.internal.tasks.testing.junit.JUnitTestClassExecutor.execute(Ljava/lang/String;)V+14
j  org.gradle.api.internal.tasks.testing.junit.JUnitTestClassExecutor.execute(Ljava/lang/Object;)V+5
j  org.gradle.api.internal.tasks.testing.junit.AbstractJUnitTestClassProcessor.processTestClass(Lorg/gradle/api/internal/tasks/testing/TestClassRunInfo;)V+26
j  org.gradle.api.internal.tasks.testing.SuiteTestClassProcessor.processTestClass(Lorg/gradle/api/internal/tasks/testing/TestClassRunInfo;)V+5
v  ~StubRoutines::call_stub
V  [libjvm.dylib+0x2f1b06]
V  [libjvm.dylib+0x4d9020]
V  [libjvm.dylib+0x4d9554]
V  [libjvm.dylib+0x34a054]
j  sun.reflect.NativeMethodAccessorImpl.invoke0(Ljava/lang/reflect/Method;Ljava/lang/Object;[Ljava/lang/Object;)Ljava/lang/Object;+0
j  sun.reflect.NativeMethodAccessorImpl.invoke(Ljava/lang/Object;[Ljava/lang/Object;)Ljava/lang/Object;+100
j  sun.reflect.DelegatingMethodAccessorImpl.invoke(Ljava/lang/Object;[Ljava/lang/Object;)Ljava/lang/Object;+6
j  java.lang.reflect.Method.invoke(Ljava/lang/Object;[Ljava/lang/Object;)Ljava/lang/Object;+56
j  org.gradle.internal.dispatch.ReflectionDispatch.dispatch(Lorg/gradle/internal/dispatch/MethodInvocation;)V+19
...<more frames>...

Java frames: (J=compiled Java code, j=interpreted, Vv=VM code)
J 116  java.util.zip.ZipFile.getEntry(J[BZ)J (0 bytes) @ 0x000000011a1008d8 [0x000000011a100880+0x58]
J 6180 C2 sun.misc.URLClassPath$JarLoader.getResource(Ljava/lang/String;Z)Lsun/misc/Resource; (85 bytes) @ 0x000000011b2bf3d0 [0x000000011b2bef00+0x4d0]
J 6835 C1 sun.misc.URLClassPath.getResource(Ljava/lang/String;Z)Lsun/misc/Resource; (83 bytes) @ 0x000000011a867e4c [0x000000011a867da0+0xac]
J 6400 C1 java.net.URLClassLoader$1.run()Ljava/lang/Class; (63 bytes) @ 0x000000011b2dcf3c [0x000000011b2dce80+0xbc]
J 6399 C1 java.net.URLClassLoader$1.run()Ljava/lang/Object; (5 bytes) @ 0x000000011a4761a4 [0x000000011a476140+0x64]
v  ~StubRoutines::call_stub
J 199  java.security.AccessController.doPrivileged(Ljava/security/PrivilegedExceptionAction;Ljava/security/AccessControlContext;)Ljava/lang/Object; (0 bytes) @ 0x000000011a130da3 [0x000000011a130d40+0x63]
J 6418 C1 java.net.URLClassLoader.findClass(Ljava/lang/String;)Ljava/lang/Class; (47 bytes) @ 0x000000011b2f5b4c [0x000000011b2f5a60+0xec]
J 6428 C1 java.lang.ClassLoader.loadClass(Ljava/lang/String;Z)Ljava/lang/Class; (122 bytes) @ 0x000000011b302b1c [0x000000011b3027e0+0x33c]
J 5682 C2 sun.misc.Launcher$AppClassLoader.loadClass(Ljava/lang/String;Z)Ljava/lang/Class; (85 bytes) @ 0x000000011b0da5f8 [0x000000011b0da440+0x1b8]
J 6428 C1 java.lang.ClassLoader.loadClass(Ljava/lang/String;Z)Ljava/lang/Class; (122 bytes) @ 0x000000011b302a6c [0x000000011b3027e0+0x28c]
J 4006 C2 java.lang.ClassLoader.loadClass(Ljava/lang/String;)Ljava/lang/Class; (7 bytes) @ 0x000000011a691d60 [0x000000011a691d20+0x40]
v  ~StubRoutines::call_stub
J 1526  java.lang.Class.forName0(Ljava/lang/String;ZLjava/lang/ClassLoader;Ljava/lang/Class;)Ljava/lang/Class; (0 bytes) @ 0x000000011a5b133a [0x000000011a5b12c0+0x7a]
J 1990 C1 java.lang.Class.forName(Ljava/lang/String;ZLjava/lang/ClassLoader;)Ljava/lang/Class; (53 bytes) @ 0x000000011a7c2a34 [0x000000011a7c28e0+0x154]
j  net.corda.core.internal.ConstraintsUtilsKt.contractHasAutomaticConstraintPropagation(Ljava/lang/String;Ljava/lang/ClassLoader;)Z+26
j  net.corda.core.internal.ConstraintsUtilsKt.warnContractWithoutConstraintPropagation(Ljava/lang/String;Ljava/lang/ClassLoader;)V+8
j  net.corda.node.internal.cordapp.JarScanningCordappLoader.findContractClassNamesWithVersionCheck(Lnet/corda/node/internal/cordapp/JarScanningCordappLoader$RestrictedScanResult;)Ljava/util/List;+121
j  net.corda.node.internal.cordapp.JarScanningCordappLoader.toCordapp(Lnet/corda/node/internal/cordapp/JarScanningCordappLoader$RestrictedScanResult;Lnet/corda/node/internal/cordapp/JarScanningCordappLoader$RestrictedURL;)Lnet/corda/core/internal/cordapp/CordappImpl;+172
j  net.corda.node.internal.cordapp.JarScanningCordappLoader.loadCordapps()Ljava/util/List;+97
j  net.corda.node.internal.cordapp.JarScanningCordappLoader.access$loadCordapps(Lnet/corda/node/internal/cordapp/JarScanningCordappLoader;)Ljava/util/List;+1
j  net.corda.node.internal.cordapp.JarScanningCordappLoader$cordapps$2.invoke()Ljava/util/List;+4
j  net.corda.node.internal.cordapp.JarScanningCordappLoader$cordapps$2.invoke()Ljava/lang/Object;+1
j  kotlin.SynchronizedLazyImpl.getValue()Ljava/lang/Object;+49
j  net.corda.node.internal.cordapp.JarScanningCordappLoader.getCordapps()Ljava/util/List;+14
j  net.corda.node.internal.cordapp.CordappLoaderTemplate$cordappSchemas$2.invoke()Ljava/util/Set;+4
j  net.corda.node.internal.cordapp.CordappLoaderTemplate$cordappSchemas$2.invoke()Ljava/lang/Object;+1
j  kotlin.SynchronizedLazyImpl.getValue()Ljava/lang/Object;+49
j  net.corda.node.internal.cordapp.CordappLoaderTemplate.getCordappSchemas()Ljava/util/Set;+14
j  net.corda.node.internal.AbstractNode.<init>(Lnet/corda/node/services/config/NodeConfiguration;Lnet/corda/node/CordaClock;Lnet/corda/node/utilities/BindableNamedCacheFactory;Lnet/corda/node/VersionInfo;Lnet/corda/node/internal/FlowManager;Lnet/corda/node/utilities/AffinityExecutor$ServiceAffinityExecutor;Lorg/apache/activemq/artemis/utils/ReusableLatch;Lnet/corda/djvm/source/ApiSource;Lnet/corda/djvm/source/UserSource;)V+355
j  net.corda.node.internal.AbstractNode.<init>(Lnet/corda/node/services/config/NodeConfiguration;Lnet/corda/node/CordaClock;Lnet/corda/node/utilities/BindableNamedCacheFactory;Lnet/corda/node/VersionInfo;Lnet/corda/node/internal/FlowManager;Lnet/corda/node/utilities/AffinityExecutor$ServiceAffinityExecutor;Lorg/apache/activemq/artemis/utils/ReusableLatch;Lnet/corda/djvm/source/ApiSource;Lnet/corda/djvm/source/UserSource;ILkotlin/jvm/internal/DefaultConstructorMarker;)V+65
j  net.corda.testing.node.internal.InternalMockNetwork$MockNode.<init>(Lnet/corda/testing/node/internal/MockNodeArgs;Lnet/corda/testing/node/internal/MockNodeFlowManager;)V+81
j  net.corda.testing.node.internal.InternalMockNetwork$MockNode.<init>(Lnet/corda/testing/node/internal/MockNodeArgs;Lnet/corda/testing/node/internal/MockNodeFlowManager;ILkotlin/jvm/internal/DefaultConstructorMarker;)V+14
j  net.corda.testing.node.internal.InternalMockNetwork$1.invoke(Lnet/corda/testing/node/internal/MockNodeArgs;)Lnet/corda/testing/node/internal/InternalMockNetwork$MockNode;+14
j  net.corda.testing.node.internal.InternalMockNetwork$1.invoke(Ljava/lang/Object;)Ljava/lang/Object;+5
j  net.corda.testing.node.internal.InternalMockNetwork.createNodeImpl(Lnet/corda/testing/node/internal/InternalMockNodeParameters;Lkotlin/jvm/functions/Function1;Z)Lnet/corda/testing/node/internal/InternalMockNetwork$MockNode;+342
j  net.corda.testing.node.internal.InternalMockNetwork.createNode(Lnet/corda/testing/node/internal/InternalMockNodeParameters;Lkotlin/jvm/functions/Function1;)Lnet/corda/testing/node/internal/TestStartedNode;+18
j  net.corda.testing.node.internal.InternalMockNetwork.createNode(Lnet/corda/testing/node/internal/InternalMockNodeParameters;)Lnet/corda/testing/node/internal/TestStartedNode;+13
j  net.corda.testing.node.internal.InternalMockNetwork.createNotaries$node_driver()Ljava/util/List;+97
j  net.corda.testing.node.internal.InternalMockNetwork.<init>(Ljava/util/List;Lnet/corda/testing/node/MockNetworkParameters;ZZLnet/corda/testing/node/InMemoryMessagingNetwork$ServicePeerAllocationStrategy;Ljava/util/List;Ljava/nio/file/Path;Lnet/corda/core/node/NetworkParameters;Lkotlin/jvm/functions/Function1;Ljava/util/Collection;Z)V+378
j  net.corda.testing.node.internal.InternalMockNetwork.<init>(Ljava/util/List;Lnet/corda/testing/node/MockNetworkParameters;ZZLnet/corda/testing/node/InMemoryMessagingNetwork$ServicePeerAllocationStrategy;Ljava/util/List;Ljava/nio/file/Path;Lnet/corda/core/node/NetworkParameters;Lkotlin/jvm/functions/Function1;Ljava/util/Collection;ZILkotlin/jvm/internal/DefaultConstructorMarker;)V+221
j  net.corda.testing.node.MockNetwork.<init>(Ljava/util/List;Lnet/corda/testing/node/MockNetworkParameters;ZZLnet/corda/testing/node/InMemoryMessagingNetwork$ServicePeerAllocationStrategy;Ljava/util/List;Lnet/corda/core/node/NetworkParameters;)V+134
j  net.corda.testing.node.MockNetwork.<init>(Ljava/util/List;Lnet/corda/testing/node/MockNetworkParameters;ZZLnet/corda/testing/node/InMemoryMessagingNetwork$ServicePeerAllocationStrategy;Ljava/util/List;Lnet/corda/core/node/NetworkParameters;ILkotlin/jvm/internal/DefaultConstructorMarker;)V+104
j  net.corda.testing.node.MockNetwork.<init>(Lnet/corda/testing/node/MockNetworkParameters;)V+19
j  com.newamerica.flow.RejectRequestFlowTests.setup()V+89
v  ~StubRoutines::call_stub
j  sun.reflect.NativeMethodAccessorImpl.invoke0(Ljava/lang/reflect/Method;Ljava/lang/Object;[Ljava/lang/Object;)Ljava/lang/Object;+0
j  sun.reflect.NativeMethodAccessorImpl.invoke(Ljava/lang/Object;[Ljava/lang/Object;)Ljava/lang/Object;+100
j  sun.reflect.DelegatingMethodAccessorImpl.invoke(Ljava/lang/Object;[Ljava/lang/Object;)Ljava/lang/Object;+6
j  java.lang.reflect.Method.invoke(Ljava/lang/Object;[Ljava/lang/Object;)Ljava/lang/Object;+56
j  org.junit.runners.model.FrameworkMethod$1.runReflectiveCall()Ljava/lang/Object;+15
j  org.junit.internal.runners.model.ReflectiveCallable.run()Ljava/lang/Object;+1
j  org.junit.runners.model.FrameworkMethod.invokeExplosively(Ljava/lang/Object;[Ljava/lang/Object;)Ljava/lang/Object;+10
j  org.junit.internal.runners.statements.RunBefores.evaluate()V+38
j  org.junit.internal.runners.statements.RunAfters.evaluate()V+12
j  org.junit.rules.ExpectedException$ExpectedExceptionStatement.evaluate()V+4
j  org.junit.rules.RunRules.evaluate()V+4
j  org.junit.runners.ParentRunner.runLeaf(Lorg/junit/runners/model/Statement;Lorg/junit/runner/Description;Lorg/junit/runner/notification/RunNotifier;)V+17
j  org.junit.runners.BlockJUnit4ClassRunner.runChild(Lorg/junit/runners/model/FrameworkMethod;Lorg/junit/runner/notification/RunNotifier;)V+30
j  org.junit.runners.BlockJUnit4ClassRunner.runChild(Ljava/lang/Object;Lorg/junit/runner/notification/RunNotifier;)V+6
j  org.junit.runners.ParentRunner$3.run()V+12
j  org.junit.runners.ParentRunner$1.schedule(Ljava/lang/Runnable;)V+1
j  org.junit.runners.ParentRunner.runChildren(Lorg/junit/runner/notification/RunNotifier;)V+44
j  org.junit.runners.ParentRunner.access$000(Lorg/junit/runners/ParentRunner;Lorg/junit/runner/notification/RunNotifier;)V+2
j  org.junit.runners.ParentRunner$2.evaluate()V+8
j  org.junit.runners.ParentRunner.run(Lorg/junit/runner/notification/RunNotifier;)V+20
j  org.gradle.api.internal.tasks.testing.junit.JUnitTestClassExecutor.runTestClass(Ljava/lang/String;)V+296
j  org.gradle.api.internal.tasks.testing.junit.JUnitTestClassExecutor.execute(Ljava/lang/String;)V+14
j  org.gradle.api.internal.tasks.testing.junit.JUnitTestClassExecutor.execute(Ljava/lang/Object;)V+5
j  org.gradle.api.internal.tasks.testing.junit.AbstractJUnitTestClassProcessor.processTestClass(Lorg/gradle/api/internal/tasks/testing/TestClassRunInfo;)V+26
j  org.gradle.api.internal.tasks.testing.SuiteTestClassProcessor.processTestClass(Lorg/gradle/api/internal/tasks/testing/TestClassRunInfo;)V+5
v  ~StubRoutines::call_stub
j  sun.reflect.NativeMethodAccessorImpl.invoke0(Ljava/lang/reflect/Method;Ljava/lang/Object;[Ljava/lang/Object;)Ljava/lang/Object;+0
j  sun.reflect.NativeMethodAccessorImpl.invoke(Ljava/lang/Object;[Ljava/lang/Object;)Ljava/lang/Object;+100
j  sun.reflect.DelegatingMethodAccessorImpl.invoke(Ljava/lang/Object;[Ljava/lang/Object;)Ljava/lang/Object;+6
j  java.lang.reflect.Method.invoke(Ljava/lang/Object;[Ljava/lang/Object;)Ljava/lang/Object;+56
j  org.gradle.internal.dispatch.ReflectionDispatch.dispatch(Lorg/gradle/internal/dispatch/MethodInvocation;)V+19
j  org.gradle.internal.dispatch.ReflectionDispatch.dispatch(Ljava/lang/Object;)V+5
j  org.gradle.internal.dispatch.ContextClassLoaderDispatch.dispatch(Ljava/lang/Object;)V+22
j  org.gradle.internal.dispatch.ProxyDispatchAdapter$DispatchingInvocationHandler.invoke(Ljava/lang/Object;Ljava/lang/reflect/Method;[Ljava/lang/Object;)Ljava/lang/Object;+177
j  com.sun.proxy.$Proxy2.processTestClass(Lorg/gradle/api/internal/tasks/testing/TestClassRunInfo;)V+16
j  org.gradle.api.internal.tasks.testing.worker.TestWorker.processTestClass(Lorg/gradle/api/internal/tasks/testing/TestClassRunInfo;)V+13
v  ~StubRoutines::call_stub
j  sun.reflect.NativeMethodAccessorImpl.invoke0(Ljava/lang/reflect/Method;Ljava/lang/Object;[Ljava/lang/Object;)Ljava/lang/Object;+0
j  sun.reflect.NativeMethodAccessorImpl.invoke(Ljava/lang/Object;[Ljava/lang/Object;)Ljava/lang/Object;+100
j  sun.reflect.DelegatingMethodAccessorImpl.invoke(Ljava/lang/Object;[Ljava/lang/Object;)Ljava/lang/Object;+6
j  java.lang.reflect.Method.invoke(Ljava/lang/Object;[Ljava/lang/Object;)Ljava/lang/Object;+56
j  org.gradle.internal.dispatch.ReflectionDispatch.dispatch(Lorg/gradle/internal/dispatch/MethodInvocation;)V+19
j  org.gradle.internal.dispatch.ReflectionDispatch.dispatch(Ljava/lang/Object;)V+5
j  org.gradle.internal.remote.internal.hub.MessageHubBackedObjectConnection$DispatchWrapper.dispatch(Lorg/gradle/internal/dispatch/MethodInvocation;)V+5
j  org.gradle.internal.remote.internal.hub.MessageHubBackedObjectConnection$DispatchWrapper.dispatch(Ljava/lang/Object;)V+5
j  org.gradle.internal.remote.internal.hub.MessageHub$Handler.run()V+174
j  org.gradle.internal.concurrent.ExecutorPolicy$CatchAndRecordFailures.onExecute(Ljava/lang/Runnable;)V+1
j  org.gradle.internal.concurrent.ManagedExecutorImpl$1.run()V+25
j  java.util.concurrent.ThreadPoolExecutor.runWorker(Ljava/util/concurrent/ThreadPoolExecutor$Worker;)V+95
j  java.util.concurrent.ThreadPoolExecutor$Worker.run()V+5
j  org.gradle.internal.concurrent.ThreadFactoryImpl$ManagedThreadRunnable.run()V+7
j  java.lang.Thread.run()V+11
v  ~StubRoutines::call_stub

---------------  P R O C E S S  ---------------

Java Threads: ( => current thread )
  0x00007f848da94800 JavaThread "Attach Listener" daemon [_thread_blocked, id=40207, stack(0x00007000111fd000,0x00007000112fd000)]
  0x00007f848f36f000 JavaThread "Timer-0" [_thread_blocked, id=24323, stack(0x00007000110fa000,0x00007000111fa000)]
  0x00007f848eb15000 JavaThread "Log4j2-TF-1-AsyncLogger[AsyncContextNoThreadLocal@6d06d69c]-1" daemon [_thread_blocked, id=42755, stack(0x0000700010ff7000,0x00007000110f7000)]
  0x00007f8488bee800 JavaThread "/0:0:0:0:0:0:0:1:63870 to /0:0:0:0:0:0:0:1:63859 workers Thread 3" [_thread_in_native, id=23299, stack(0x0000700010ef4000,0x0000700010ff4000)]
  0x00007f84867fd800 JavaThread "/0:0:0:0:0:0:0:1:63870 to /0:0:0:0:0:0:0:1:63859 workers Thread 2" [_thread_blocked, id=43011, stack(0x0000700010df1000,0x0000700010ef1000)]
=>0x00007f84847fd000 JavaThread "Test worker" [_thread_in_native, id=22531, stack(0x0000700010cee000,0x0000700010dee000)]
  0x00007f848505c800 JavaThread "Service Thread" daemon [_thread_blocked, id=21763, stack(0x0000700010ae8000,0x0000700010be8000)]
  0x00007f848602a000 JavaThread "C1 CompilerThread3" daemon [_thread_blocked, id=16387, stack(0x00007000109e5000,0x0000700010ae5000)]
  0x00007f8485036000 JavaThread "C2 CompilerThread2" daemon [_thread_in_native, id=16131, stack(0x00007000108e2000,0x00007000109e2000)]
  0x00007f8486029000 JavaThread "C2 CompilerThread1" daemon [_thread_in_native, id=15619, stack(0x00007000107df000,0x00007000108df000)]
  0x00007f8488808800 JavaThread "C2 CompilerThread0" daemon [_thread_in_native, id=17411, stack(0x00007000106dc000,0x00007000107dc000)]
  0x00007f8485035800 JavaThread "Signal Dispatcher" daemon [_thread_blocked, id=17923, stack(0x00007000105d9000,0x00007000106d9000)]
  0x00007f8485027800 JavaThread "Finalizer" daemon [_thread_blocked, id=19971, stack(0x00007000103d0000,0x00007000104d0000)]
  0x00007f8485025000 JavaThread "Reference Handler" daemon [_thread_blocked, id=20227, stack(0x00007000102cd000,0x00007000103cd000)]
  0x00007f8485809800 JavaThread "main" [_thread_blocked, id=3587, stack(0x000070000f6a9000,0x000070000f7a9000)]

Other Threads:
  0x00007f848601f000 VMThread [stack: 0x00007000101ca000,0x00007000102ca000] [id=20483]
  0x00007f8485028800 WatcherThread [stack: 0x0000700010beb000,0x0000700010ceb000] [id=22019]

VM state:not at safepoint (normal execution)

VM Mutex/Monitor currently owned by a thread: None

heap address: 0x00000005c0000000, size: 8192 MB, Compressed Oops mode: Zero based, Oop shift amount: 3
Narrow klass base: 0x0000000000000000, Narrow klass shift: 3
Compressed class space size: 1073741824 Address: 0x00000007c0000000

Heap:
 PSYoungGen      total 788480K, used 387702K [0x0000000715580000, 0x0000000750d80000, 0x00000007c0000000)
  eden space 748544K, 47% used [0x0000000715580000,0x000000072b203948,0x0000000743080000)
  from space 39936K, 77% used [0x0000000743080000,0x0000000744e99fd0,0x0000000745780000)
  to   space 42496K, 0% used [0x000000074e400000,0x000000074e400000,0x0000000750d80000)
 ParOldGen       total 280576K, used 85041K [0x00000005c0000000, 0x00000005d1200000, 0x0000000715580000)
  object space 280576K, 30% used [0x00000005c0000000,0x00000005c530c7a0,0x00000005d1200000)
 Metaspace       used 53003K, capacity 54178K, committed 54656K, reserved 1095680K
  class space    used 7297K, capacity 7681K, committed 7808K, reserved 1048576K

Card table byte_map: [0x000000010cc20000,0x000000010dc21000] byte_map_base: 0x0000000109e20000

Marking Bits: (ParMarkBitMap*) 0x000000010c101f80
 Begin Bits: [0x0000000128fb9000, 0x0000000130fb9000)
 End Bits:   [0x0000000130fb9000, 0x0000000138fb9000)

Polling page: 0x0000000109ff3000

CodeCache: size=245760Kb used=19904Kb max_used=20644Kb free=225855Kb
 bounds [0x0000000119fb9000, 0x000000011b409000, 0x0000000128fb9000]
 total_blobs=6411 nmethods=5724 adapters=598
 compilation: enabled

Compilation events (10 events):
Event: 12.211 Thread 0x00007f848602a000 7103       2       kotlin.reflect.jvm.internal.pcollections.IntTree::<init> (44 bytes)
Event: 12.211 Thread 0x00007f848602a000 nmethod 7103 0x000000011a1c5790 code [0x000000011a1c5900, 0x000000011a1c5ab0]
Event: 12.211 Thread 0x00007f848602a000 7099       2       java.util.concurrent.locks.AbstractQueuedSynchronizer::shouldParkAfterFailedAcquire (50 bytes)
Event: 12.212 Thread 0x00007f848602a000 nmethod 7099 0x000000011a1c3ed0 code [0x000000011a1c4040, 0x000000011a1c4270]
Event: 12.213 Thread 0x00007f848602a000 7104       2       java.util.LinkedHashMap$LinkedKeySet::iterator (12 bytes)
Event: 12.214 Thread 0x00007f848602a000 nmethod 7104 0x000000011a369390 code [0x000000011a369500, 0x000000011a369710]
Event: 12.214 Thread 0x00007f848602a000 7105       2       java.util.LinkedHashMap$LinkedKeyIterator::<init> (11 bytes)
Event: 12.214 Thread 0x00007f848602a000 nmethod 7105 0x000000011a580310 code [0x000000011a580460, 0x000000011a580610]
Event: 12.218 Thread 0x00007f8486029000 nmethod 6216 0x000000011a6b2190 code [0x000000011a6b2560, 0x000000011a6b59f8]
Event: 12.219 Thread 0x00007f8486029000 6945       4       co.paralleluniverse.asm.ClassReader::a (500 bytes)

GC Heap History (10 events):
Event: 4.885 GC heap before
{Heap before GC invocations=11 (full 1):
 PSYoungGen      total 564224K, used 537892K [0x0000000715580000, 0x0000000740e00000, 0x00000007c0000000)
  eden space 521216K, 100% used [0x0000000715580000,0x0000000735280000,0x0000000735280000)
  from space 43008K, 38% used [0x0000000735280000,0x00000007362c9350,0x0000000737c80000)
  to   space 40448K, 0% used [0x000000073e680000,0x000000073e680000,0x0000000740e00000)
 ParOldGen       total 195584K, used 66205K [0x00000005c0000000, 0x00000005cbf00000, 0x0000000715580000)
  object space 195584K, 33% used [0x00000005c0000000,0x00000005c40a7660,0x00000005cbf00000)
 Metaspace       used 30683K, capacity 31410K, committed 31616K, reserved 1077248K
  class space    used 3870K, capacity 4189K, committed 4224K, reserved 1048576K
Event: 4.903 GC heap after
Heap after GC invocations=11 (full 1):
 PSYoungGen      total 671232K, used 27355K [0x0000000715580000, 0x0000000741280000, 0x00000007c0000000)
  eden space 630784K, 0% used [0x0000000715580000,0x0000000715580000,0x000000073bd80000)
  from space 40448K, 67% used [0x000000073e680000,0x0000000740136c10,0x0000000740e00000)
  to   space 41984K, 0% used [0x000000073bd80000,0x000000073bd80000,0x000000073e680000)
 ParOldGen       total 195584K, used 66213K [0x00000005c0000000, 0x00000005cbf00000, 0x0000000715580000)
  object space 195584K, 33% used [0x00000005c0000000,0x00000005c40a9660,0x00000005cbf00000)
 Metaspace       used 30683K, capacity 31410K, committed 31616K, reserved 1077248K
  class space    used 3870K, capacity 4189K, committed 4224K, reserved 1048576K
}
Event: 8.135 GC heap before
{Heap before GC invocations=12 (full 1):
 PSYoungGen      total 671232K, used 313900K [0x0000000715580000, 0x0000000741280000, 0x00000007c0000000)
  eden space 630784K, 45% used [0x0000000715580000,0x0000000726d546d0,0x000000073bd80000)
  from space 40448K, 67% used [0x000000073e680000,0x0000000740136c10,0x0000000740e00000)
  to   space 41984K, 0% used [0x000000073bd80000,0x000000073bd80000,0x000000073e680000)
 ParOldGen       total 195584K, used 66213K [0x00000005c0000000, 0x00000005cbf00000, 0x0000000715580000)
  object space 195584K, 33% used [0x00000005c0000000,0x00000005c40a9660,0x00000005cbf00000)
 Metaspace       used 34428K, capacity 35392K, committed 35416K, reserved 1079296K
  class space    used 4505K, capacity 4862K, committed 4864K, reserved 1048576K
Event: 8.146 GC heap after
Heap after GC invocations=12 (full 1):
 PSYoungGen      total 672768K, used 23500K [0x0000000715580000, 0x0000000748000000, 0x00000007c0000000)
  eden space 630784K, 0% used [0x0000000715580000,0x0000000715580000,0x000000073bd80000)
  from space 41984K, 55% used [0x000000073bd80000,0x000000073d4732a8,0x000000073e680000)
  to   space 41472K, 0% used [0x0000000745780000,0x0000000745780000,0x0000000748000000)
 ParOldGen       total 195584K, used 66221K [0x00000005c0000000, 0x00000005cbf00000, 0x0000000715580000)
  object space 195584K, 33% used [0x00000005c0000000,0x00000005c40ab660,0x00000005cbf00000)
 Metaspace       used 34428K, capacity 35392K, committed 35416K, reserved 1079296K
  class space    used 4505K, capacity 4862K, committed 4864K, reserved 1048576K
}
Event: 8.147 GC heap before
{Heap before GC invocations=13 (full 2):
 PSYoungGen      total 672768K, used 23500K [0x0000000715580000, 0x0000000748000000, 0x00000007c0000000)
  eden space 630784K, 0% used [0x0000000715580000,0x0000000715580000,0x000000073bd80000)
  from space 41984K, 55% used [0x000000073bd80000,0x000000073d4732a8,0x000000073e680000)
  to   space 41472K, 0% used [0x0000000745780000,0x0000000745780000,0x0000000748000000)
 ParOldGen       total 195584K, used 66221K [0x00000005c0000000, 0x00000005cbf00000, 0x0000000715580000)
  object space 195584K, 33% used [0x00000005c0000000,0x00000005c40ab660,0x00000005cbf00000)
 Metaspace       used 34428K, capacity 35392K, committed 35416K, reserved 1079296K
  class space    used 4505K, capacity 4862K, committed 4864K, reserved 1048576K
Event: 8.268 GC heap after
Heap after GC invocations=13 (full 2):
 PSYoungGen      total 672768K, used 0K [0x0000000715580000, 0x0000000748000000, 0x00000007c0000000)
  eden space 630784K, 0% used [0x0000000715580000,0x0000000715580000,0x000000073bd80000)
  from space 41984K, 0% used [0x000000073bd80000,0x000000073bd80000,0x000000073e680000)
  to   space 41472K, 0% used [0x0000000745780000,0x0000000745780000,0x0000000748000000)
 ParOldGen       total 280576K, used 85025K [0x00000005c0000000, 0x00000005d1200000, 0x0000000715580000)
  object space 280576K, 30% used [0x00000005c0000000,0x00000005c53087a0,0x00000005d1200000)
 Metaspace       used 34428K, capacity 35392K, committed 35416K, reserved 1079296K
  class space    used 4505K, capacity 4862K, committed 4864K, reserved 1048576K
}
Event: 9.412 GC heap before
{Heap before GC invocations=14 (full 2):
 PSYoungGen      total 672768K, used 630784K [0x0000000715580000, 0x0000000748000000, 0x00000007c0000000)
  eden space 630784K, 100% used [0x0000000715580000,0x000000073bd80000,0x000000073bd80000)
  from space 41984K, 0% used [0x000000073bd80000,0x000000073bd80000,0x000000073e680000)
  to   space 41472K, 0% used [0x0000000745780000,0x0000000745780000,0x0000000748000000)
 ParOldGen       total 280576K, used 85025K [0x00000005c0000000, 0x00000005d1200000, 0x0000000715580000)
  object space 280576K, 30% used [0x00000005c0000000,0x00000005c53087a0,0x00000005d1200000)
 Metaspace       used 41531K, capacity 42602K, committed 42752K, reserved 1085440K
  class space    used 5452K, capacity 5817K, committed 5888K, reserved 1048576K
Event: 9.426 GC heap after
Heap after GC invocations=14 (full 2):
 PSYoungGen      total 790016K, used 22030K [0x0000000715580000, 0x0000000748700000, 0x00000007c0000000)
  eden space 748544K, 0% used [0x0000000715580000,0x0000000715580000,0x0000000743080000)
  from space 41472K, 53% used [0x0000000745780000,0x0000000746d03950,0x0000000748000000)
  to   space 39936K, 0% used [0x0000000743080000,0x0000000743080000,0x0000000745780000)
 ParOldGen       total 280576K, used 85033K [0x00000005c0000000, 0x00000005d1200000, 0x0000000715580000)
  object space 280576K, 30% used [0x00000005c0000000,0x00000005c530a7a0,0x00000005d1200000)
 Metaspace       used 41531K, capacity 42602K, committed 42752K, reserved 1085440K
  class space    used 5452K, capacity 5817K, committed 5888K, reserved 1048576K
}
Event: 11.126 GC heap before
{Heap before GC invocations=15 (full 2):
 PSYoungGen      total 790016K, used 770574K [0x0000000715580000, 0x0000000748700000, 0x00000007c0000000)
  eden space 748544K, 100% used [0x0000000715580000,0x0000000743080000,0x0000000743080000)
  from space 41472K, 53% used [0x0000000745780000,0x0000000746d03950,0x0000000748000000)
  to   space 39936K, 0% used [0x0000000743080000,0x0000000743080000,0x0000000745780000)
 ParOldGen       total 280576K, used 85033K [0x00000005c0000000, 0x00000005d1200000, 0x0000000715580000)
  object space 280576K, 30% used [0x00000005c0000000,0x00000005c530a7a0,0x00000005d1200000)
 Metaspace       used 49417K, capacity 50538K, committed 50944K, reserved 1093632K
  class space    used 6736K, capacity 7085K, committed 7168K, reserved 1048576K
Event: 11.144 GC heap after
Heap after GC invocations=15 (full 2):
 PSYoungGen      total 788480K, used 30823K [0x0000000715580000, 0x0000000750d80000, 0x00000007c0000000)
  eden space 748544K, 0% used [0x0000000715580000,0x0000000715580000,0x0000000743080000)
  from space 39936K, 77% used [0x0000000743080000,0x0000000744e99fd0,0x0000000745780000)
  to   space 42496K, 0% used [0x000000074e400000,0x000000074e400000,0x0000000750d80000)
 ParOldGen       total 280576K, used 85041K [0x00000005c0000000, 0x00000005d1200000, 0x0000000715580000)
  object space 280576K, 30% used [0x00000005c0000000,0x00000005c530c7a0,0x00000005d1200000)
 Metaspace       used 49417K, capacity 50538K, committed 50944K, reserved 1093632K
  class space    used 6736K, capacity 7085K, committed 7168K, reserved 1048576K
}

Deoptimization events (10 events):
Event: 10.973 Thread 0x00007f84847fd000 Uncommon trap: reason=class_check action=maybe_recompile pc=0x000000011ad49048 method=sun.instrument.TransformerManager.transform(Ljava/lang/ClassLoader;Ljava/lang/String;Ljava/lang/Class;Ljava/security/ProtectionDomain;[B)[B @ 50
Event: 10.975 Thread 0x00007f84847fd000 Uncommon trap: reason=class_check action=maybe_recompile pc=0x000000011ad49048 method=sun.instrument.TransformerManager.transform(Ljava/lang/ClassLoader;Ljava/lang/String;Ljava/lang/Class;Ljava/security/ProtectionDomain;[B)[B @ 50
Event: 10.975 Thread 0x00007f84847fd000 Uncommon trap: reason=class_check action=maybe_recompile pc=0x000000011ad49048 method=sun.instrument.TransformerManager.transform(Ljava/lang/ClassLoader;Ljava/lang/String;Ljava/lang/Class;Ljava/security/ProtectionDomain;[B)[B @ 50
Event: 10.976 Thread 0x00007f84847fd000 Uncommon trap: reason=class_check action=maybe_recompile pc=0x000000011ad49048 method=sun.instrument.TransformerManager.transform(Ljava/lang/ClassLoader;Ljava/lang/String;Ljava/lang/Class;Ljava/security/ProtectionDomain;[B)[B @ 50
Event: 10.977 Thread 0x00007f84847fd000 Uncommon trap: reason=class_check action=maybe_recompile pc=0x000000011ac5438c method=sun.instrument.TransformerManager.transform(Ljava/lang/ClassLoader;Ljava/lang/String;Ljava/lang/Class;Ljava/security/ProtectionDomain;[B)[B @ 50
Event: 11.880 Thread 0x00007f84847fd000 Uncommon trap: reason=unstable_if action=reinterpret pc=0x000000011ae776d8 method=co.paralleluniverse.fibers.instrument.CheckInstrumentationVisitor$1.visitAnnotation(Ljava/lang/String;Z)Lco/paralleluniverse/asm/AnnotationVisitor; @ 7
Event: 12.074 Thread 0x00007f84847fd000 Uncommon trap: reason=unstable_if action=reinterpret pc=0x000000011ae8c9dc method=co.paralleluniverse.asm.ClassReader.b(Lco/paralleluniverse/asm/ClassVisitor;Lco/paralleluniverse/asm/Context;I)I @ 368
Event: 12.155 Thread 0x00007f84847fd000 Uncommon trap: reason=unstable_if action=reinterpret pc=0x000000011a1717cc method=java.lang.AbstractStringBuilder.append(Ljava/lang/String;)Ljava/lang/AbstractStringBuilder; @ 1
Event: 12.177 Thread 0x00007f8478931800 Uncommon trap: reason=unstable_if action=reinterpret pc=0x000000011a585e88 method=co.paralleluniverse.asm.Frame.a(Lco/paralleluniverse/asm/ClassWriter;I[II)Z @ 26
Event: 12.177 Thread 0x00007f8478931800 Uncommon trap: reason=unstable_if action=reinterpret pc=0x000000011a2fcb14 method=co.paralleluniverse.asm.Frame.a(Lco/paralleluniverse/asm/ClassWriter;I[II)Z @ 26

Classes redefined (5 events):
Event: 11.355 Thread 0x00007f848601f000 redefined class name=java.lang.Object, count=1
Event: 11.367 Thread 0x00007f848601f000 redefined class name=net.corda.node.services.config.NodeConfiguration, count=2
Event: 11.378 Thread 0x00007f848601f000 redefined class name=net.corda.testing.node.internal.InternalMockNetworkKt$mockNodeConfiguration$AbstractNodeConfiguration, count=2
Event: 11.390 Thread 0x00007f848601f000 redefined class name=net.corda.common.configuration.parsing.internal.ConfigurationWithOptionsContainer, count=2
Event: 11.872 Thread 0x00007f848601f000 redefined class name=net.corda.common.configuration.parsing.internal.ConfigurationWithOptions, count=2

Internal exceptions (10 events):
Event: 10.396 Thread 0x00007f84847fd000 Implicit null exception at 0x000000011a1797f3 to 0x000000011a179bd1
Event: 10.632 Thread 0x00007f84847fd000 Exception <a 'java/lang/ClassNotFoundException': java/lang/WeakPairMap> (0x0000000730559048) thrown at [/jenkins/workspace/8-2-build-macosx-x86_64/jdk8u241/331/hotspot/src/share/vm/classfile/systemDictionary.cpp, line 210]
Event: 10.632 Thread 0x00007f84847fd000 Exception <a 'java/lang/ClassNotFoundException': java/lang/WeakPairMap$Pair> (0x0000000730559688) thrown at [/jenkins/workspace/8-2-build-macosx-x86_64/jdk8u241/331/hotspot/src/share/vm/classfile/systemDictionary.cpp, line 210]
Event: 10.632 Thread 0x00007f84847fd000 Exception <a 'java/lang/ClassNotFoundException': java/lang/WeakPairMap$Pair$Weak> (0x0000000730559cd0) thrown at [/jenkins/workspace/8-2-build-macosx-x86_64/jdk8u241/331/hotspot/src/share/vm/classfile/systemDictionary.cpp, line 210]
Event: 11.762 Thread 0x00007f84847fd000 Exception <a 'sun/nio/fs/UnixException'> (0x0000000720d4db18) thrown at [/jenkins/workspace/8-2-build-macosx-x86_64/jdk8u241/331/hotspot/src/share/vm/prims/jni.cpp, line 710]
Event: 11.935 Thread 0x00007f84847fd000 Exception <a 'sun/nio/fs/UnixException'> (0x0000000723081fd0) thrown at [/jenkins/workspace/8-2-build-macosx-x86_64/jdk8u241/331/hotspot/src/share/vm/prims/jni.cpp, line 710]
Event: 11.935 Thread 0x00007f84847fd000 Exception <a 'sun/nio/fs/UnixException'> (0x0000000723082e00) thrown at [/jenkins/workspace/8-2-build-macosx-x86_64/jdk8u241/331/hotspot/src/share/vm/prims/jni.cpp, line 710]
Event: 11.937 Thread 0x00007f84847fd000 Exception <a 'sun/nio/fs/UnixException'> (0x00000007230d6168) thrown at [/jenkins/workspace/8-2-build-macosx-x86_64/jdk8u241/331/hotspot/src/share/vm/prims/jni.cpp, line 710]
Event: 12.020 Thread 0x00007f84847fd000 Exception <a 'sun/nio/fs/UnixException'> (0x0000000724cb9df8) thrown at [/jenkins/workspace/8-2-build-macosx-x86_64/jdk8u241/331/hotspot/src/share/vm/prims/jni.cpp, line 710]
Event: 12.155 Thread 0x00007f84847fd000 Implicit null exception at 0x000000011a1713f6 to 0x000000011a1717b5

Events (10 events):
Event: 12.218 Thread 0x00007f8486029000 flushing nmethod 0x000000011ac10c10
Event: 12.218 Thread 0x00007f8486029000 flushing nmethod 0x000000011ac29010
Event: 12.218 Thread 0x00007f8486029000 flushing nmethod 0x000000011ac4cb10
Event: 12.219 Thread 0x00007f8486029000 flushing nmethod 0x000000011ad75dd0
Event: 12.219 loading class net/corda/core/contracts/WhitelistedByZoneAttachmentConstraint
Event: 12.219 loading class net/corda/core/contracts/WhitelistedByZoneAttachmentConstraint done
Event: 12.220 loading class net/corda/core/contracts/SignatureAttachmentConstraint
Event: 12.220 loading class net/corda/core/contracts/SignatureAttachmentConstraint done
Event: 12.221 loading class com/newamerica/contracts/FundContract
Event: 12.221 loading class com/newamerica/contracts/FundContract done


Dynamic libraries:
0x00007fff34e7a000 	/System/Library/Frameworks/Cocoa.framework/Versions/A/Cocoa
0x00007fff42673000 	/System/Library/Frameworks/Security.framework/Versions/A/Security
0x00007fff33ddf000 	/System/Library/Frameworks/ApplicationServices.framework/Versions/A/ApplicationServices
0x00007fff6f330000 	/usr/lib/libz.1.dylib
0x00007fff6cdf4000 	/usr/lib/libSystem.B.dylib
0x00007fff6ec54000 	/usr/lib/libobjc.A.dylib
0x00007fff35d1c000 	/System/Library/Frameworks/CoreFoundation.framework/Versions/A/CoreFoundation
0x00007fff383d9000 	/System/Library/Frameworks/Foundation.framework/Versions/C/Foundation
0x00007fff32fcf000 	/System/Library/Frameworks/AppKit.framework/Versions/C/AppKit
0x00007fff357fe000 	/System/Library/Frameworks/CoreData.framework/Versions/A/CoreData
0x00007fff66e09000 	/System/Library/PrivateFrameworks/UIFoundation.framework/Versions/A/UIFoundation
0x00007fff61e9d000 	/System/Library/PrivateFrameworks/RemoteViewServices.framework/Versions/A/RemoteViewServices
0x00007fff69964000 	/System/Library/PrivateFrameworks/XCTTargetBootstrap.framework/Versions/A/XCTTargetBootstrap
0x00007fff35be9000 	/System/Library/Frameworks/CoreDisplay.framework/Versions/A/CoreDisplay
0x00007fff3b294000 	/System/Library/Frameworks/Metal.framework/Versions/A/Metal
0x00007fff4fe8a000 	/System/Library/PrivateFrameworks/DesktopServicesPriv.framework/Versions/A/DesktopServicesPriv
0x00007fff6df2f000 	/usr/lib/liblangid.dylib
0x00007fff4f11f000 	/System/Library/PrivateFrameworks/CoreSVG.framework/Versions/A/CoreSVG
0x00007fff64ff9000 	/System/Library/PrivateFrameworks/SkyLight.framework/Versions/A/SkyLight
0x00007fff3619d000 	/System/Library/Frameworks/CoreGraphics.framework/Versions/A/CoreGraphics
0x00007fff319a3000 	/System/Library/Frameworks/Accelerate.framework/Versions/A/Accelerate
0x00007fff6f221000 	/usr/lib/libxml2.2.dylib
0x00007fff5ae28000 	/System/Library/PrivateFrameworks/IconServices.framework/Versions/A/IconServices
0x00007fff38bb8000 	/System/Library/Frameworks/IOSurface.framework/Versions/A/IOSurface
0x00007fff6c91e000 	/usr/lib/libDiagnosticMessagesClient.dylib
0x00007fff4fce4000 	/System/Library/PrivateFrameworks/DFRFoundation.framework/Versions/A/DFRFoundation
0x00007fff6dcbe000 	/usr/lib/libicucore.A.dylib
0x00007fff34111000 	/System/Library/Frameworks/AudioToolbox.framework/Versions/A/AudioToolbox
0x00007fff341f4000 	/System/Library/Frameworks/AudioUnit.framework/Versions/A/AudioUnit
0x00007fff6cff6000 	/usr/lib/libauto.dylib
0x00007fff4fd86000 	/System/Library/PrivateFrameworks/DataDetectorsCore.framework/Versions/A/DataDetectorsCore
0x00007fff3499b000 	/System/Library/Frameworks/Carbon.framework/Versions/A/Frameworks/HIToolbox.framework/Versions/A/HIToolbox
0x00007fff4186d000 	/System/Library/Frameworks/QuartzCore.framework/Versions/A/QuartzCore
0x00007fff34cda000 	/System/Library/Frameworks/Carbon.framework/Versions/A/Frameworks/SpeechRecognition.framework/Versions/A/SpeechRecognition
0x00007fff4f7f8000 	/System/Library/PrivateFrameworks/CoreUI.framework/Versions/A/CoreUI
0x00007fff35269000 	/System/Library/Frameworks/CoreAudio.framework/Versions/A/CoreAudio
0x00007fff38098000 	/System/Library/Frameworks/DiskArbitration.framework/Versions/A/DiskArbitration
0x00007fff5ce78000 	/System/Library/PrivateFrameworks/MultitouchSupport.framework/Versions/A/MultitouchSupport
0x00007fff6db85000 	/usr/lib/libenergytrace.dylib
0x00007fff38b12000 	/System/Library/Frameworks/IOKit.framework/Versions/A/IOKit
0x00007fff37104000 	/System/Library/Frameworks/CoreServices.framework/Versions/A/CoreServices
0x00007fff5f030000 	/System/Library/PrivateFrameworks/PerformanceAnalysis.framework/Versions/A/PerformanceAnalysis
0x00007fff408a0000 	/System/Library/Frameworks/OpenGL.framework/Versions/A/OpenGL
0x00007fff34e88000 	/System/Library/Frameworks/ColorSync.framework/Versions/A/ColorSync
0x00007fff36820000 	/System/Library/Frameworks/CoreImage.framework/Versions/A/CoreImage
0x00007fff37b77000 	/System/Library/Frameworks/CoreText.framework/Versions/A/CoreText
0x00007fff38c48000 	/System/Library/Frameworks/ImageIO.framework/Versions/A/ImageIO
0x00007fff6d0da000 	/usr/lib/libc++.1.dylib
0x00007fff6d156000 	/usr/lib/libcompression.dylib
0x00007fff6cc62000 	/usr/lib/libMobileGestalt.dylib
0x00007fff66b73000 	/System/Library/PrivateFrameworks/TextureIO.framework/Versions/A/TextureIO
0x00007fff6cf59000 	/usr/lib/libate.dylib
0x00007fff5b031000 	/System/Library/PrivateFrameworks/InternationalSupport.framework/Versions/A/InternationalSupport
0x00007fff6fbf1000 	/usr/lib/system/libcache.dylib
0x00007fff6fbf7000 	/usr/lib/system/libcommonCrypto.dylib
0x00007fff6fc03000 	/usr/lib/system/libcompiler_rt.dylib
0x00007fff6fc0b000 	/usr/lib/system/libcopyfile.dylib
0x00007fff6fc15000 	/usr/lib/system/libcorecrypto.dylib
0x00007fff6fdb4000 	/usr/lib/system/libdispatch.dylib
0x00007fff6fdf5000 	/usr/lib/system/libdyld.dylib
0x00007fff6fe2c000 	/usr/lib/system/libkeymgr.dylib
0x00007fff6fe3a000 	/usr/lib/system/liblaunch.dylib
0x00007fff6fe3b000 	/usr/lib/system/libmacho.dylib
0x00007fff6fe41000 	/usr/lib/system/libquarantine.dylib
0x00007fff6fe44000 	/usr/lib/system/libremovefile.dylib
0x00007fff6fe46000 	/usr/lib/system/libsystem_asl.dylib
0x00007fff6fe5e000 	/usr/lib/system/libsystem_blocks.dylib
0x00007fff6fe5f000 	/usr/lib/system/libsystem_c.dylib
0x00007fff6fee7000 	/usr/lib/system/libsystem_configuration.dylib
0x00007fff6feeb000 	/usr/lib/system/libsystem_coreservices.dylib
0x00007fff6feef000 	/usr/lib/system/libsystem_darwin.dylib
0x00007fff6fef8000 	/usr/lib/system/libsystem_dnssd.dylib
0x00007fff6ff00000 	/usr/lib/system/libsystem_featureflags.dylib
0x00007fff6ff02000 	/usr/lib/system/libsystem_info.dylib
0x00007fff6ff7d000 	/usr/lib/system/libsystem_m.dylib
0x00007fff6ffc5000 	/usr/lib/system/libsystem_malloc.dylib
0x00007fff6ffed000 	/usr/lib/system/libsystem_networkextension.dylib
0x00007fff6fffb000 	/usr/lib/system/libsystem_notify.dylib
0x00007fff70019000 	/usr/lib/system/libsystem_sandbox.dylib
0x00007fff7001e000 	/usr/lib/system/libsystem_secinit.dylib
0x00007fff6ff50000 	/usr/lib/system/libsystem_kernel.dylib
0x00007fff70005000 	/usr/lib/system/libsystem_platform.dylib
0x00007fff7000e000 	/usr/lib/system/libsystem_pthread.dylib
0x00007fff70021000 	/usr/lib/system/libsystem_symptoms.dylib
0x00007fff70029000 	/usr/lib/system/libsystem_trace.dylib
0x00007fff70041000 	/usr/lib/system/libunwind.dylib
0x00007fff70047000 	/usr/lib/system/libxpc.dylib
0x00007fff6d12d000 	/usr/lib/libc++abi.dylib
0x00007fff6df31000 	/usr/lib/liblzma.5.dylib
0x00007fff6dbac000 	/usr/lib/libfakelink.dylib
0x00007fff6cee6000 	/usr/lib/libarchive.2.dylib
0x00007fff43724000 	/System/Library/Frameworks/SystemConfiguration.framework/Versions/A/SystemConfiguration
0x00007fff6c851000 	/usr/lib/libCRFSuite.dylib
0x00007fff3458b000 	/System/Library/Frameworks/CFNetwork.framework/Versions/A/CFNetwork
0x00007fff6d0bc000 	/usr/lib/libbsm.0.dylib
0x00007fff6fe2d000 	/usr/lib/system/libkxld.dylib
0x00007fff49661000 	/System/Library/PrivateFrameworks/AppleFSCompression.framework/Versions/A/AppleFSCompression
0x00007fff6d447000 	/usr/lib/libcoretls.dylib
0x00007fff6d45e000 	/usr/lib/libcoretls_cfhelpers.dylib
0x00007fff6ec9a000 	/usr/lib/libpam.2.dylib
0x00007fff6edcf000 	/usr/lib/libsqlite3.dylib
0x00007fff6f20e000 	/usr/lib/libxar.1.dylib
0x00007fff6d0cd000 	/usr/lib/libbz2.1.0.dylib
0x00007fff6dbcd000 	/usr/lib/libiconv.2.dylib
0x00007fff6d143000 	/usr/lib/libcharset.1.dylib
0x00007fff6e737000 	/usr/lib/libnetwork.dylib
0x00007fff6eca1000 	/usr/lib/libpcap.A.dylib
0x00007fff6ce9b000 	/usr/lib/libapple_nghttp2.dylib
0x00007fff374bb000 	/System/Library/Frameworks/CoreServices.framework/Versions/A/Frameworks/FSEvents.framework/Versions/A/FSEvents
0x00007fff3718b000 	/System/Library/Frameworks/CoreServices.framework/Versions/A/Frameworks/CarbonCore.framework/Versions/A/CarbonCore
0x00007fff376ff000 	/System/Library/Frameworks/CoreServices.framework/Versions/A/Frameworks/Metadata.framework/Versions/A/Metadata
0x00007fff37798000 	/System/Library/Frameworks/CoreServices.framework/Versions/A/Frameworks/OSServices.framework/Versions/A/OSServices
0x00007fff377c6000 	/System/Library/Frameworks/CoreServices.framework/Versions/A/Frameworks/SearchKit.framework/Versions/A/SearchKit
0x00007fff37105000 	/System/Library/Frameworks/CoreServices.framework/Versions/A/Frameworks/AE.framework/Versions/A/AE
0x00007fff374c4000 	/System/Library/Frameworks/CoreServices.framework/Versions/A/Frameworks/LaunchServices.framework/Versions/A/LaunchServices
0x00007fff3746d000 	/System/Library/Frameworks/CoreServices.framework/Versions/A/Frameworks/DictionaryServices.framework/Versions/A/DictionaryServices
0x00007fff3782e000 	/System/Library/Frameworks/CoreServices.framework/Versions/A/Frameworks/SharedFileList.framework/Versions/A/SharedFileList
0x00007fff3c6bf000 	/System/Library/Frameworks/NetFS.framework/Versions/A/NetFS
0x00007fff5d3a8000 	/System/Library/PrivateFrameworks/NetAuth.framework/Versions/A/NetAuth
0x00007fff69d31000 	/System/Library/PrivateFrameworks/login.framework/Versions/A/Frameworks/loginsupport.framework/Versions/A/loginsupport
0x00007fff6663e000 	/System/Library/PrivateFrameworks/TCC.framework/Versions/A/TCC
0x00007fff4e292000 	/System/Library/PrivateFrameworks/CoreNLP.framework/Versions/A/CoreNLP
0x00007fff5c8a5000 	/System/Library/PrivateFrameworks/MetadataUtilities.framework/Versions/A/MetadataUtilities
0x00007fff6e009000 	/usr/lib/libmecabra.dylib
0x00007fff6df61000 	/usr/lib/libmecab.dylib
0x00007fff6dbbd000 	/usr/lib/libgermantok.dylib
0x00007fff6ce82000 	/usr/lib/libThaiTokenizer.dylib
0x00007fff6c888000 	/usr/lib/libChineseTokenizer.dylib
0x00007fff319bb000 	/System/Library/Frameworks/Accelerate.framework/Versions/A/Frameworks/vImage.framework/Versions/A/vImage
0x00007fff32e25000 	/System/Library/Frameworks/Accelerate.framework/Versions/A/Frameworks/vecLib.framework/Versions/A/vecLib
0x00007fff32d62000 	/System/Library/Frameworks/Accelerate.framework/Versions/A/Frameworks/vecLib.framework/Versions/A/libvMisc.dylib
0x00007fff32b8a000 	/System/Library/Frameworks/Accelerate.framework/Versions/A/Frameworks/vecLib.framework/Versions/A/libvDSP.dylib
0x00007fff32012000 	/System/Library/Frameworks/Accelerate.framework/Versions/A/Frameworks/vecLib.framework/Versions/A/libBLAS.dylib
0x00007fff3274e000 	/System/Library/Frameworks/Accelerate.framework/Versions/A/Frameworks/vecLib.framework/Versions/A/libLAPACK.dylib
0x00007fff32aea000 	/System/Library/Frameworks/Accelerate.framework/Versions/A/Frameworks/vecLib.framework/Versions/A/libLinearAlgebra.dylib
0x00007fff32b77000 	/System/Library/Frameworks/Accelerate.framework/Versions/A/Frameworks/vecLib.framework/Versions/A/libSparseBLAS.dylib
0x00007fff32b00000 	/System/Library/Frameworks/Accelerate.framework/Versions/A/Frameworks/vecLib.framework/Versions/A/libQuadrature.dylib
0x00007fff3227a000 	/System/Library/Frameworks/Accelerate.framework/Versions/A/Frameworks/vecLib.framework/Versions/A/libBNNS.dylib
0x00007fff32b06000 	/System/Library/Frameworks/Accelerate.framework/Versions/A/Frameworks/vecLib.framework/Versions/A/libSparse.dylib
0x00007fff5b419000 	/System/Library/PrivateFrameworks/LanguageModeling.framework/Versions/A/LanguageModeling
0x00007fff4dc42000 	/System/Library/PrivateFrameworks/CoreEmoji.framework/Versions/A/CoreEmoji
0x00007fff5b537000 	/System/Library/PrivateFrameworks/LinguisticData.framework/Versions/A/LinguisticData
0x00007fff5b4e8000 	/System/Library/PrivateFrameworks/Lexicon.framework/Versions/A/Lexicon
0x00007fff6d144000 	/usr/lib/libcmph.dylib
0x00007fff3f2ae000 	/System/Library/Frameworks/OpenDirectory.framework/Versions/A/Frameworks/CFOpenDirectory.framework/Versions/A/CFOpenDirectory
0x00007fff3f2cb000 	/System/Library/Frameworks/OpenDirectory.framework/Versions/A/OpenDirectory
0x00007fff4770e000 	/System/Library/PrivateFrameworks/APFS.framework/Versions/A/APFS
0x00007fff429bd000 	/System/Library/Frameworks/SecurityFoundation.framework/Versions/A/SecurityFoundation
0x00007fff6f20a000 	/usr/lib/libutil.dylib
0x00007fff4f177000 	/System/Library/PrivateFrameworks/CoreServicesStore.framework/Versions/A/CoreServicesStore
0x00007fff42a74000 	/System/Library/Frameworks/ServiceManagement.framework/Versions/A/ServiceManagement
0x00007fff4ae31000 	/System/Library/PrivateFrameworks/BackgroundTaskManagement.framework/Versions/A/BackgroundTaskManagement
0x00007fff6f307000 	/usr/lib/libxslt.1.dylib
0x00007fff49cd4000 	/System/Library/PrivateFrameworks/AppleSystemInfo.framework/Versions/A/AppleSystemInfo
0x00007fff38e63000 	/System/Library/Frameworks/ImageIO.framework/Versions/A/Resources/libJPEG.dylib
0x00007fff39122000 	/System/Library/Frameworks/ImageIO.framework/Versions/A/Resources/libTIFF.dylib
0x00007fff39105000 	/System/Library/Frameworks/ImageIO.framework/Versions/A/Resources/libPng.dylib
0x00007fff38da5000 	/System/Library/Frameworks/ImageIO.framework/Versions/A/Resources/libGIF.dylib
0x00007fff38da9000 	/System/Library/Frameworks/ImageIO.framework/Versions/A/Resources/libJP2.dylib
0x00007fff39120000 	/System/Library/Frameworks/ImageIO.framework/Versions/A/Resources/libRadiance.dylib
0x00007fff6db86000 	/usr/lib/libexpat.1.dylib
0x00007fff497bc000 	/System/Library/PrivateFrameworks/AppleJPEG.framework/Versions/A/AppleJPEG
0x00007fff5248d000 	/System/Library/PrivateFrameworks/FontServices.framework/libFontParser.dylib
0x00007fff68d33000 	/System/Library/PrivateFrameworks/WatchdogClient.framework/Versions/A/WatchdogClient
0x00007fff5aa74000 	/System/Library/PrivateFrameworks/IOAccelerator.framework/Versions/A/IOAccelerator
0x00007fff3b62f000 	/System/Library/Frameworks/MetalPerformanceShaders.framework/Versions/A/MetalPerformanceShaders
0x00007fff5720a000 	/System/Library/PrivateFrameworks/GPUWrangler.framework/Versions/A/GPUWrangler
0x00007fff5aa89000 	/System/Library/PrivateFrameworks/IOPresentment.framework/Versions/A/IOPresentment
0x00007fff4fcf7000 	/System/Library/PrivateFrameworks/DSExternalDisplay.framework/Versions/A/DSExternalDisplay
0x00007fff3fc3f000 	/System/Library/Frameworks/OpenGL.framework/Versions/A/Libraries/libCoreFSCache.dylib
0x00007fff3b37b000 	/System/Library/Frameworks/MetalPerformanceShaders.framework/Frameworks/MPSCore.framework/Versions/A/MPSCore
0x00007fff3b3b9000 	/System/Library/Frameworks/MetalPerformanceShaders.framework/Frameworks/MPSImage.framework/Versions/A/MPSImage
0x00007fff3b480000 	/System/Library/Frameworks/MetalPerformanceShaders.framework/Frameworks/MPSNeuralNetwork.framework/Versions/A/MPSNeuralNetwork
0x00007fff3b444000 	/System/Library/Frameworks/MetalPerformanceShaders.framework/Frameworks/MPSMatrix.framework/Versions/A/MPSMatrix
0x00007fff3b5df000 	/System/Library/Frameworks/MetalPerformanceShaders.framework/Frameworks/MPSRayIntersector.framework/Versions/A/MPSRayIntersector
0x00007fff3b46a000 	/System/Library/Frameworks/MetalPerformanceShaders.framework/Frameworks/MPSNDArray.framework/Versions/A/MPSNDArray
0x00007fff5c8f2000 	/System/Library/PrivateFrameworks/MetalTools.framework/Versions/A/MetalTools
0x00007fff488e8000 	/System/Library/PrivateFrameworks/AggregateDictionary.framework/Versions/A/AggregateDictionary
0x00007fff4d68a000 	/System/Library/PrivateFrameworks/CoreAnalytics.framework/Versions/A/CoreAnalytics
0x00007fff49bf3000 	/System/Library/PrivateFrameworks/AppleSauce.framework/Versions/A/AppleSauce
0x00007fff6cb44000 	/usr/lib/libIOReport.dylib
0x00007fff37d2f000 	/System/Library/Frameworks/CoreVideo.framework/Versions/A/CoreVideo
0x00007fff58683000 	/System/Library/PrivateFrameworks/GraphVisualizer.framework/Versions/A/GraphVisualizer
0x00007fff519d3000 	/System/Library/PrivateFrameworks/FaceCore.framework/Versions/A/FaceCore
0x00007fff3f255000 	/System/Library/Frameworks/OpenCL.framework/Versions/A/OpenCL
0x00007fff6c966000 	/usr/lib/libFosl_dynamic.dylib
0x00007fff5ddc8000 	/System/Library/PrivateFrameworks/OTSVG.framework/Versions/A/OTSVG
0x00007fff33ee4000 	/System/Library/Frameworks/ApplicationServices.framework/Versions/A/Frameworks/ATS.framework/Versions/A/Resources/libFontRegistry.dylib
0x00007fff5265e000 	/System/Library/PrivateFrameworks/FontServices.framework/libhvf.dylib
0x00007fff3fc4a000 	/System/Library/Frameworks/OpenGL.framework/Versions/A/Libraries/libGFXShared.dylib
0x00007fff3fe28000 	/System/Library/Frameworks/OpenGL.framework/Versions/A/Libraries/libGLU.dylib
0x00007fff3fc53000 	/System/Library/Frameworks/OpenGL.framework/Versions/A/Libraries/libGL.dylib
0x00007fff3fc5e000 	/System/Library/Frameworks/OpenGL.framework/Versions/A/Libraries/libGLImage.dylib
0x00007fff3fc3c000 	/System/Library/Frameworks/OpenGL.framework/Versions/A/Libraries/libCVMSPluginSupport.dylib
0x00007fff3fc45000 	/System/Library/Frameworks/OpenGL.framework/Versions/A/Libraries/libCoreVMClient.dylib
0x00007fff6e5d8000 	/usr/lib/libncurses.5.4.dylib
0x00007fff33de0000 	/System/Library/Frameworks/ApplicationServices.framework/Versions/A/Frameworks/ATS.framework/Versions/A/ATS
0x00007fff33fad000 	/System/Library/Frameworks/ApplicationServices.framework/Versions/A/Frameworks/ColorSyncLegacy.framework/Versions/A/ColorSyncLegacy
0x00007fff3404b000 	/System/Library/Frameworks/ApplicationServices.framework/Versions/A/Frameworks/HIServices.framework/Versions/A/HIServices
0x00007fff340a3000 	/System/Library/Frameworks/ApplicationServices.framework/Versions/A/Frameworks/LangAnalysis.framework/Versions/A/LangAnalysis
0x00007fff340b2000 	/System/Library/Frameworks/ApplicationServices.framework/Versions/A/Frameworks/PrintCore.framework/Versions/A/PrintCore
0x00007fff340f8000 	/System/Library/Frameworks/ApplicationServices.framework/Versions/A/Frameworks/QD.framework/Versions/A/QD
0x00007fff34103000 	/System/Library/Frameworks/ApplicationServices.framework/Versions/A/Frameworks/SpeechSynthesis.framework/Versions/A/SpeechSynthesis
0x00007fff33f7d000 	/System/Library/Frameworks/ApplicationServices.framework/Versions/A/Frameworks/ATSUI.framework/Versions/A/ATSUI
0x00007fff6da1c000 	/usr/lib/libcups.2.dylib
0x00007fff3a6ca000 	/System/Library/Frameworks/Kerberos.framework/Versions/A/Kerberos
0x00007fff3880b000 	/System/Library/Frameworks/GSS.framework/Versions/A/GSS
0x00007fff6ed5b000 	/usr/lib/libresolv.9.dylib
0x00007fff58830000 	/System/Library/PrivateFrameworks/Heimdal.framework/Versions/A/Heimdal
0x00007fff3a6dd000 	/System/Library/Frameworks/Kerberos.framework/Versions/A/Libraries/libHeimdalProxy.dylib
0x00007fff6dbc3000 	/usr/lib/libheimdal-asn1.dylib
0x00007fff4cb22000 	/System/Library/PrivateFrameworks/CommonAuth.framework/Versions/A/CommonAuth
0x00007fff49d71000 	/System/Library/PrivateFrameworks/AssertionServices.framework/Versions/A/AssertionServices
0x00007fff4a914000 	/System/Library/PrivateFrameworks/AudioToolboxCore.framework/Versions/A/AudioToolboxCore
0x00007fff699e1000 	/System/Library/PrivateFrameworks/caulk.framework/Versions/A/caulk
0x00007fff4aedd000 	/System/Library/PrivateFrameworks/BaseBoard.framework/Versions/A/BaseBoard
0x00007fff6202b000 	/System/Library/PrivateFrameworks/RunningBoardServices.framework/Versions/A/RunningBoardServices
0x00007fff5f03c000 	/System/Library/PrivateFrameworks/PersistentConnection.framework/Versions/A/PersistentConnection
0x00007fff61a24000 	/System/Library/PrivateFrameworks/ProtocolBuffer.framework/Versions/A/ProtocolBuffer
0x00007fff4cb46000 	/System/Library/PrivateFrameworks/CommonUtilities.framework/Versions/A/CommonUtilities
0x00007fff4b06b000 	/System/Library/PrivateFrameworks/Bom.framework/Versions/A/Bom
0x00007fff6c817000 	/usr/lib/libAudioToolboxUtility.dylib
0x00007fff4ae3b000 	/System/Library/PrivateFrameworks/Backup.framework/Versions/A/Backup
0x00007fff4fc18000 	/System/Library/PrivateFrameworks/CrashReporterSupport.framework/Versions/A/CrashReporterSupport
0x00007fff63abd000 	/System/Library/PrivateFrameworks/Sharing.framework/Versions/A/Sharing
0x00007fff4937f000 	/System/Library/PrivateFrameworks/Apple80211.framework/Versions/A/Apple80211
0x00007fff4ab58000 	/System/Library/PrivateFrameworks/AuthKit.framework/Versions/A/AuthKit
0x00007fff4f925000 	/System/Library/PrivateFrameworks/CoreUtils.framework/Versions/A/CoreUtils
0x00007fff37d74000 	/System/Library/Frameworks/CoreWLAN.framework/Versions/A/CoreWLAN
0x00007fff38998000 	/System/Library/Frameworks/IOBluetooth.framework/Versions/A/IOBluetooth
0x00007fff5cbf7000 	/System/Library/PrivateFrameworks/MobileKeyBag.framework/Versions/A/MobileKeyBag
0x00007fff4e72a000 	/System/Library/PrivateFrameworks/CorePhoneNumbers.framework/Versions/A/CorePhoneNumbers
0x00007fff4976f000 	/System/Library/PrivateFrameworks/AppleIDAuthSupport.framework/Versions/A/AppleIDAuthSupport
0x00007fff3c6cc000 	/System/Library/Frameworks/Network.framework/Versions/A/Network
0x00007fff5b2c5000 	/System/Library/PrivateFrameworks/KeychainCircle.framework/Versions/A/KeychainCircle
0x00007fff357c5000 	/System/Library/Frameworks/CoreBluetooth.framework/Versions/A/CoreBluetooth
0x00007fff65b3c000 	/System/Library/PrivateFrameworks/SpeechRecognitionCore.framework/Versions/A/SpeechRecognitionCore
0x000000010b800000 	/Library/Java/JavaVirtualMachines/jdk1.8.0_241.jdk/Contents/Home/jre/lib/server/libjvm.dylib
0x00007fff6f0dd000 	/usr/lib/libstdc++.6.dylib
0x0000000109fe5000 	/Library/Java/JavaVirtualMachines/jdk1.8.0_241.jdk/Contents/Home/jre/lib/libverify.dylib
0x000000010c7be000 	/Library/Java/JavaVirtualMachines/jdk1.8.0_241.jdk/Contents/Home/jre/lib/libjava.dylib
0x000000010c7f4000 	/Library/Java/JavaVirtualMachines/jdk1.8.0_241.jdk/Contents/Home/jre/lib/libinstrument.dylib
0x000000010c857000 	/Library/Java/JavaVirtualMachines/jdk1.8.0_241.jdk/Contents/Home/jre/lib/libzip.dylib
0x00000001124c3000 	/Library/Java/JavaVirtualMachines/jdk1.8.0_241.jdk/Contents/Home/jre/lib/libnet.dylib
0x00000001124de000 	/Library/Java/JavaVirtualMachines/jdk1.8.0_241.jdk/Contents/Home/jre/lib/libnio.dylib
0x0000000112719000 	/Library/Java/JavaVirtualMachines/jdk1.8.0_241.jdk/Contents/Home/jre/lib/libsunec.dylib
0x0000000112941000 	/Library/Java/JavaVirtualMachines/jdk1.8.0_241.jdk/Contents/Home/jre/lib/libmanagement.dylib
0x0000000114ed8000 	/Library/Java/JavaVirtualMachines/jdk1.8.0_241.jdk/Contents/Home/jre/lib/libattach.dylib

VM Arguments:
jvm_args: -Dco.paralleluniverse.fibers.verifyInstrumentation -Djava.security.manager=worker.org.gradle.process.internal.worker.child.BootstrapSecurityManager -Dorg.gradle.native=false -javaagent:/Users/zhenzhentan/.gradle/caches/modules-2/files-2.1/co.paralleluniverse/quasar-core/0.7.10/3916162ad638c8a6cb8f3588a9f080dc792bc052/quasar-core-0.7.10-jdk8.jar -Xms256m -Xmx8G -Dfile.encoding=UTF-8 -Duser.country=US -Duser.language=en -Duser.variant -ea 
java_command: worker.org.gradle.process.internal.worker.GradleWorkerMain 'Gradle Test Executor 2'
java_class_path (initial): /Users/zhenzhentan/.gradle/caches/5.4.1/workerMain/gradle-worker.jar:/Users/zhenzhentan/.gradle/caches/modules-2/files-2.1/co.paralleluniverse/quasar-core/0.7.10/3916162ad638c8a6cb8f3588a9f080dc792bc052/quasar-core-0.7.10-jdk8.jar
Launcher Type: SUN_STANDARD

Environment Variables:
PATH=/usr/local/bin:/usr/bin:/bin:/usr/sbin:/sbin:/usr/local/opt/liquibase:/usr/local/share/dotnet:/usr/local/munki:~/.dotnet/tools:/Library/Apple/usr/bin:/Library/Frameworks/Mono.framework/Versions/Current/Commands:/Users/zhenzhentan/apache-ant-1.10.7/bin:/usr/local/opt/wildfly-as/libexec/bin:/Users/zhenzhentan/.web3j_corda/web3j-corda-0.2.8/bin
SHELL=/bin/zsh

Signal Handlers:
SIGSEGV: [libjvm.dylib+0x5bd1a7], sa_mask[0]=11111111011111110111111111111111, sa_flags=SA_ONSTACK|SA_RESTART|SA_SIGINFO
SIGBUS: [libjvm.dylib+0x5bd1a7], sa_mask[0]=11111111011111110111111111111111, sa_flags=SA_RESTART|SA_SIGINFO
SIGFPE: [libjvm.dylib+0x48e178], sa_mask[0]=11111111011111110111111111111111, sa_flags=SA_RESTART|SA_SIGINFO
SIGPIPE: [libjvm.dylib+0x48e178], sa_mask[0]=11111111011111110111111111111111, sa_flags=SA_RESTART|SA_SIGINFO
SIGXFSZ: [libjvm.dylib+0x48e178], sa_mask[0]=11111111011111110111111111111111, sa_flags=SA_RESTART|SA_SIGINFO
SIGILL: [libjvm.dylib+0x48e178], sa_mask[0]=11111111011111110111111111111111, sa_flags=SA_RESTART|SA_SIGINFO
SIGUSR1: SIG_DFL, sa_mask[0]=00000000000000000000000000000000, sa_flags=none
SIGUSR2: [libjvm.dylib+0x48dc96], sa_mask[0]=00100000000000000000000000000000, sa_flags=SA_RESTART|SA_SIGINFO
SIGHUP: [libjvm.dylib+0x48c221], sa_mask[0]=11111111011111110111111111111111, sa_flags=SA_RESTART|SA_SIGINFO
SIGINT: [libjvm.dylib+0x48c221], sa_mask[0]=11111111011111110111111111111111, sa_flags=SA_RESTART|SA_SIGINFO
SIGTERM: [libjvm.dylib+0x48c221], sa_mask[0]=11111111011111110111111111111111, sa_flags=SA_RESTART|SA_SIGINFO
SIGQUIT: [libjvm.dylib+0x48c221], sa_mask[0]=11111111011111110111111111111111, sa_flags=SA_RESTART|SA_SIGINFO


---------------  S Y S T E M  ---------------

OS:Bsduname:Darwin 19.6.0 Darwin Kernel Version 19.6.0: Mon Aug 31 22:12:52 PDT 2020; root:xnu-6153.141.2~1/RELEASE_X86_64 x86_64
rlimit: STACK 8192k, CORE 0k, NPROC 2784, NOFILE 10240, AS infinity
load average:5.50 4.49 3.67

CPU:total 12 (initial active 12) (6 cores per cpu, 2 threads per core) family 6 model 158 stepping 10, cmov, cx8, fxsr, mmx, sse, sse2, sse3, ssse3, sse4.1, sse4.2, popcnt, avx, avx2, aes, clmul, erms, 3dnowpref, lzcnt, ht, tsc, tscinvbit, bmi1, bmi2, adx

Memory: 4k page, physical 16777216k(1984732k free)

/proc/meminfo:


vm_info: Java HotSpot(TM) 64-Bit Server VM (25.241-b07) for bsd-amd64 JRE (1.8.0_241-b07), built on Dec 11 2019 02:29:59 by "java_re" with gcc 4.2.1 (Based on Apple Inc. build 5658) (LLVM build 2336.11.00)

time: Wed Oct  7 14:15:42 2020
timezone: EDT
elapsed time: 12 seconds (0d 0h 0m 12s)

